<?xml version="1.0" encoding="utf-8" ?>
<!DOCTYPE html PUBLIC "-//W3C//DTD XHTML 1.0 Strict//EN"
        "http://www.w3.org/TR/xhtml1/DTD/xhtml1-strict.dtd">
<html xmlns="http://www.w3.org/1999/xhtml" xml:lang="" lang="">
<head>
  <title>Test Results Report - regression Test</title>
  <meta http-equiv="Content-Type" content="text/html;charset=utf-8" />
  <meta name="description" content="TestNG unit test results." />
  <link href="reportng.css" rel="stylesheet" type="text/css" />
    <script type="text/javascript" src="reportng.js"></script>
</head>
<body>
<h1>regression Test</h1>
<p>
  Test duration: 188.889s
</p>



  <table class="resultsTable">
    <tr><th colspan="3" class="header failed">Failed Tests</th></tr>
          <tr>
        <td colspan="3" class="group">com.nopcommerce.demo.testsuit.ElectronicTest</td>
      </tr>
            
<tr>
  <td class="method">
                  verifyThatTheProductAddedSuccessfullyAndPlaceOrderSuccessfully
      </td>
  <td class="duration">
    69.641s
  </td>
  <td class="result">
        
    
            <div class="testOutput">
                        mouse hover to electronic page[[ChromeDriver: chrome on WINDOWS (61c3eeb4daeb1a2175131f50ce7f6bea)] -> link text: Electronics]
                                click on cell phone page[[ChromeDriver: chrome on WINDOWS (61c3eeb4daeb1a2175131f50ce7f6bea)] -> link text: Cell phones]
                                get text from cell phone[[ChromeDriver: chrome on WINDOWS (61c3eeb4daeb1a2175131f50ce7f6bea)] -> xpath: //h1[contains(text(),'Cell phones')]]
                                click on list [[ChromeDriver: chrome on WINDOWS (61c3eeb4daeb1a2175131f50ce7f6bea)] -> xpath: //a[contains(text(),'List')]]
                                click o nokia lumia[[ChromeDriver: chrome on WINDOWS (61c3eeb4daeb1a2175131f50ce7f6bea)] -> link text: Nokia Lumia 1020]
                                verify text nokia lumia[[ChromeDriver: chrome on WINDOWS (61c3eeb4daeb1a2175131f50ce7f6bea)] -> xpath: //h1[contains(text(),'Nokia Lumia 1020')]]
                                get text from electronic page[[ChromeDriver: chrome on WINDOWS (61c3eeb4daeb1a2175131f50ce7f6bea)] -> link text: Electronics]
                                update qty[[ChromeDriver: chrome on WINDOWS (61c3eeb4daeb1a2175131f50ce7f6bea)] -> id: product_enteredQuantity_20]
                                click on add to cart[[ChromeDriver: chrome on WINDOWS (61c3eeb4daeb1a2175131f50ce7f6bea)] -> id: add-to-cart-button-20]
                                click on close message bar[[ChromeDriver: chrome on WINDOWS (61c3eeb4daeb1a2175131f50ce7f6bea)] -> xpath: //span[@class='close']]
                                click on go cart[[ChromeDriver: chrome on WINDOWS (61c3eeb4daeb1a2175131f50ce7f6bea)] -> xpath: //button[contains(text(),'Go to cart')]]
                                verify price[[ChromeDriver: chrome on WINDOWS (61c3eeb4daeb1a2175131f50ce7f6bea)] -> xpath: //span[@class='value-summary']/strong]
                                accept terms and condition[[ChromeDriver: chrome on WINDOWS (61c3eeb4daeb1a2175131f50ce7f6bea)] -> id: termsofservice]
                                click on Checkout[[ChromeDriver: chrome on WINDOWS (61c3eeb4daeb1a2175131f50ce7f6bea)] -> id: checkout]
                                verify welcome sign in message[[ChromeDriver: chrome on WINDOWS (61c3eeb4daeb1a2175131f50ce7f6bea)] -> xpath: //h1[contains(text(),'Welcome, Please Sign In!')]]
                                click on register link[[ChromeDriver: chrome on WINDOWS (61c3eeb4daeb1a2175131f50ce7f6bea)] -> xpath: //button[contains(text(),'Register')]]
                                Click on gender[[ChromeDriver: chrome on WINDOWS (61c3eeb4daeb1a2175131f50ce7f6bea)] -> id: gender-male]
                                enter first name[[ChromeDriver: chrome on WINDOWS (61c3eeb4daeb1a2175131f50ce7f6bea)] -> id: FirstName]
                                enter last Name[[ChromeDriver: chrome on WINDOWS (61c3eeb4daeb1a2175131f50ce7f6bea)] -> id: LastName]
                                select birth day[[ChromeDriver: chrome on WINDOWS (61c3eeb4daeb1a2175131f50ce7f6bea)] -> xpath: //select[@name='DateOfBirthDay']]
                                select birth month[[ChromeDriver: chrome on WINDOWS (61c3eeb4daeb1a2175131f50ce7f6bea)] -> xpath: //select[@name='DateOfBirthMonth']]
                                select birth Year[[ChromeDriver: chrome on WINDOWS (61c3eeb4daeb1a2175131f50ce7f6bea)] -> xpath: //select[@name='DateOfBirthYear']]
                                enter email id[[ChromeDriver: chrome on WINDOWS (61c3eeb4daeb1a2175131f50ce7f6bea)] -> id: Email]
                                enter company name[[ChromeDriver: chrome on WINDOWS (61c3eeb4daeb1a2175131f50ce7f6bea)] -> id: Company]
                                enter password[[ChromeDriver: chrome on WINDOWS (61c3eeb4daeb1a2175131f50ce7f6bea)] -> id: Password]
                                enter confirm password[[ChromeDriver: chrome on WINDOWS (61c3eeb4daeb1a2175131f50ce7f6bea)] -> id: ConfirmPassword]
                                click on register link[[ChromeDriver: chrome on WINDOWS (61c3eeb4daeb1a2175131f50ce7f6bea)] -> id: register-button]
                                verify register complete[[ChromeDriver: chrome on WINDOWS (61c3eeb4daeb1a2175131f50ce7f6bea)] -> xpath: //div[@class='result']]
                                click on continue after register complete[[ChromeDriver: chrome on WINDOWS (61c3eeb4daeb1a2175131f50ce7f6bea)] -> xpath: //div[@class='buttons']/a]
                                verify shopping cart[[ChromeDriver: chrome on WINDOWS (61c3eeb4daeb1a2175131f50ce7f6bea)] -> xpath: //h1[contains(text(),'Shopping cart')]]
                                click on terms and condition[[ChromeDriver: chrome on WINDOWS (61c3eeb4daeb1a2175131f50ce7f6bea)] -> id: termsofservice]
                                click on check out[[ChromeDriver: chrome on WINDOWS (61c3eeb4daeb1a2175131f50ce7f6bea)] -> id: checkout]
                                Mandatory name [[ChromeDriver: chrome on WINDOWS (61c3eeb4daeb1a2175131f50ce7f6bea)] -> id: BillingNewAddress_FirstName]
                                Mandatory  LAst name [[ChromeDriver: chrome on WINDOWS (61c3eeb4daeb1a2175131f50ce7f6bea)] -> id: BillingNewAddress_LastName]
                                Mandatory Email [[ChromeDriver: chrome on WINDOWS (61c3eeb4daeb1a2175131f50ce7f6bea)] -> id: BillingNewAddress_Email]
                                Mandatory Country[[ChromeDriver: chrome on WINDOWS (61c3eeb4daeb1a2175131f50ce7f6bea)] -> id: BillingNewAddress_CountryId]
                                Mandatory State [[ChromeDriver: chrome on WINDOWS (61c3eeb4daeb1a2175131f50ce7f6bea)] -> id: BillingNewAddress_StateProvinceId]
                                Mandatory City [[ChromeDriver: chrome on WINDOWS (61c3eeb4daeb1a2175131f50ce7f6bea)] -> id: BillingNewAddress_City]
                                Mandatory Address[[ChromeDriver: chrome on WINDOWS (61c3eeb4daeb1a2175131f50ce7f6bea)] -> xpath: //input[@id='BillingNewAddress_Address1']]
                                Mandatory Postal Code[[ChromeDriver: chrome on WINDOWS (61c3eeb4daeb1a2175131f50ce7f6bea)] -> id: BillingNewAddress_ZipPostalCode]
                                Mandatory Phone number [[ChromeDriver: chrome on WINDOWS (61c3eeb4daeb1a2175131f50ce7f6bea)] -> id: BillingNewAddress_PhoneNumber]
                                Click on continue Proxy element for: DefaultElementLocator 'By.name: BillingNewAddress_PhoneNumber'
                                Click to see screenshot
                                <a target = "_blank" href=C:\Users\viral\IdeaProjects\nopcommerce-pagefactory/test-output/html/verifyThatTheProductAddedSuccessfullyAndPlaceOrderSuccessfullyWed_Dec_14_00_27_15_GMT_2022.jpg>Screenshot</a>
                                <br>
                                <br>
                                <a target = "_blank" href=C:\Users\viral\IdeaProjects\nopcommerce-pagefactory/test-output/html/verifyThatTheProductAddedSuccessfullyAndPlaceOrderSuccessfullyWed_Dec_14_00_27_15_GMT_2022.jpg><img src=C:\Users\viral\IdeaProjects\nopcommerce-pagefactory/test-output/html/verifyThatTheProductAddedSuccessfullyAndPlaceOrderSuccessfullyWed_Dec_14_00_27_15_GMT_2022.jpg height=200 width=200></img></a>
                  </div>
    

        <a href="javascript:toggleElement('exception-0', 'block')" title="Click to expand/collapse"><b>org.openqa.selenium.NoSuchElementException: no such element: Unable to locate element: {&quot;method&quot;:&quot;css selector&quot;,&quot;selector&quot;:&quot;*[name=&apos;BillingNewAddress_PhoneNumber&apos;]&quot;}<br/>
&nbsp; (Session info: chrome=108.0.5359.99)<br/>
For documentation on this error, please visit: https://selenium.dev/exceptions/#no_such_element<br/>
Build info: version: &apos;4.6.0&apos;, revision: &apos;79f1c02ae20&apos;<br/>
System info: os.name: &apos;Windows 10&apos;, os.arch: &apos;amd64&apos;, os.version: &apos;10.0&apos;, java.version: &apos;1.8.0_121&apos;<br/>
Driver info: org.openqa.selenium.chrome.ChromeDriver<br/>
Command: [61c3eeb4daeb1a2175131f50ce7f6bea, findElement {using=name, value=BillingNewAddress_PhoneNumber}]<br/>
Capabilities {acceptInsecureCerts: false, browserName: chrome, browserVersion: 108.0.5359.99, chrome: {chromedriverVersion: 108.0.5359.71 (1e0e3868ee06..., userDataDir: C:\Users\viral\AppData\Loca...}, goog:chromeOptions: {debuggerAddress: localhost:55378}, networkConnectionEnabled: false, pageLoadStrategy: normal, platformName: WINDOWS, proxy: Proxy(), se:cdp: ws://localhost:55378/devtoo..., se:cdpVersion: 108.0.5359.99, setWindowRect: true, strictFileInteractability: false, timeouts: {implicit: 0, pageLoad: 300000, script: 30000}, unhandledPromptBehavior: dismiss and notify, webauthn:extension:credBlob: true, webauthn:extension:largeBlob: true, webauthn:virtualAuthenticators: true}<br/>
Session ID: 61c3eeb4daeb1a2175131f50ce7f6bea</b></a><br />
    <div class="stackTrace" id="exception-0">
              sun.reflect.NativeConstructorAccessorImpl.newInstance0(Native Method)<br />
              sun.reflect.NativeConstructorAccessorImpl.newInstance(NativeConstructorAccessorImpl.java:62)<br />
              sun.reflect.DelegatingConstructorAccessorImpl.newInstance(DelegatingConstructorAccessorImpl.java:45)<br />
              java.lang.reflect.Constructor.newInstance(Constructor.java:423)<br />
              org.openqa.selenium.remote.codec.w3c.W3CHttpResponseCodec.createException(W3CHttpResponseCodec.java:200)<br />
              org.openqa.selenium.remote.codec.w3c.W3CHttpResponseCodec.decode(W3CHttpResponseCodec.java:133)<br />
              org.openqa.selenium.remote.codec.w3c.W3CHttpResponseCodec.decode(W3CHttpResponseCodec.java:53)<br />
              org.openqa.selenium.remote.HttpCommandExecutor.execute(HttpCommandExecutor.java:184)<br />
              org.openqa.selenium.remote.service.DriverCommandExecutor.invokeExecute(DriverCommandExecutor.java:167)<br />
              org.openqa.selenium.remote.service.DriverCommandExecutor.execute(DriverCommandExecutor.java:142)<br />
              org.openqa.selenium.remote.RemoteWebDriver.execute(RemoteWebDriver.java:541)<br />
              org.openqa.selenium.remote.ElementLocation$ElementFinder$2.findElement(ElementLocation.java:162)<br />
              org.openqa.selenium.remote.ElementLocation.findElement(ElementLocation.java:60)<br />
              org.openqa.selenium.remote.RemoteWebDriver.findElement(RemoteWebDriver.java:365)<br />
              org.openqa.selenium.remote.RemoteWebDriver.findElement(RemoteWebDriver.java:357)<br />
              org.openqa.selenium.support.pagefactory.DefaultElementLocator.findElement(DefaultElementLocator.java:70)<br />
              org.openqa.selenium.support.pagefactory.internal.LocatingElementHandler.invoke(LocatingElementHandler.java:39)<br />
              com.sun.proxy.$Proxy15.click(Unknown Source)<br />
              com.nopcommerce.demo.utility.Utility.clickOnElement(Utility.java:51)<br />
              com.nopcommerce.demo.pages.ComputerPage.fillAllMandatoryField(ComputerPage.java:387)<br />
              com.nopcommerce.demo.testsuit.ElectronicTest.verifyThatTheProductAddedSuccessfullyAndPlaceOrderSuccessfully(ElectronicTest.java:47)<br />
              sun.reflect.NativeMethodAccessorImpl.invoke0(Native Method)<br />
              sun.reflect.NativeMethodAccessorImpl.invoke(NativeMethodAccessorImpl.java:62)<br />
              sun.reflect.DelegatingMethodAccessorImpl.invoke(DelegatingMethodAccessorImpl.java:43)<br />
              java.lang.reflect.Method.invoke(Method.java:498)<br />
              org.testng.internal.invokers.MethodInvocationHelper.invokeMethod(MethodInvocationHelper.java:135)<br />
              org.testng.internal.invokers.TestInvoker.invokeMethod(TestInvoker.java:673)<br />
              org.testng.internal.invokers.TestInvoker.invokeTestMethod(TestInvoker.java:220)<br />
              org.testng.internal.invokers.MethodRunner.runInSequence(MethodRunner.java:50)<br />
              org.testng.internal.invokers.TestInvoker$MethodInvocationAgent.invoke(TestInvoker.java:945)<br />
              org.testng.internal.invokers.TestInvoker.invokeTestMethods(TestInvoker.java:193)<br />
              org.testng.internal.invokers.TestMethodWorker.invokeTestMethods(TestMethodWorker.java:146)<br />
              org.testng.internal.invokers.TestMethodWorker.run(TestMethodWorker.java:128)<br />
              java.util.ArrayList.forEach(ArrayList.java:1249)<br />
              org.testng.TestRunner.privateRun(TestRunner.java:808)<br />
              org.testng.TestRunner.run(TestRunner.java:603)<br />
              org.testng.SuiteRunner.runTest(SuiteRunner.java:429)<br />
              org.testng.SuiteRunner.runSequentially(SuiteRunner.java:423)<br />
              org.testng.SuiteRunner.privateRun(SuiteRunner.java:383)<br />
              org.testng.SuiteRunner.run(SuiteRunner.java:326)<br />
              org.testng.SuiteRunnerWorker.runSuite(SuiteRunnerWorker.java:52)<br />
              org.testng.SuiteRunnerWorker.run(SuiteRunnerWorker.java:95)<br />
              org.testng.TestNG.runSuitesSequentially(TestNG.java:1249)<br />
              org.testng.TestNG.runSuitesLocally(TestNG.java:1169)<br />
              org.testng.TestNG.runSuites(TestNG.java:1092)<br />
              org.testng.TestNG.run(TestNG.java:1060)<br />
              com.intellij.rt.testng.IDEARemoteTestNG.run(IDEARemoteTestNG.java:66)<br />
              com.intellij.rt.testng.RemoteTestNGStarter.main(RemoteTestNGStarter.java:109)<br />
                </div>
      </td>
</tr>
          <tr>
        <td colspan="3" class="group">com.nopcommerce.demo.testsuit.RegisterMenuTest</td>
      </tr>
            
<tr>
  <td class="method">
                  verifyUserShouldRegister
      </td>
  <td class="duration">
    60.153s
  </td>
  <td class="result">
        
    
            <div class="testOutput">
                        Click on genderProxy element for: DefaultElementLocator 'By.id: gender-male'
                                Click to see screenshot
                                <a target = "_blank" href=C:\Users\viral\IdeaProjects\nopcommerce-pagefactory/test-output/html/verifyUserShouldRegisterWed_Dec_14_00_28_36_GMT_2022.jpg>Screenshot</a>
                                <br>
                                <br>
                                <a target = "_blank" href=C:\Users\viral\IdeaProjects\nopcommerce-pagefactory/test-output/html/verifyUserShouldRegisterWed_Dec_14_00_28_36_GMT_2022.jpg><img src=C:\Users\viral\IdeaProjects\nopcommerce-pagefactory/test-output/html/verifyUserShouldRegisterWed_Dec_14_00_28_36_GMT_2022.jpg height=200 width=200></img></a>
                  </div>
    

        <a href="javascript:toggleElement('exception-1', 'block')" title="Click to expand/collapse"><b>org.openqa.selenium.NoSuchElementException: no such element: Unable to locate element: {&quot;method&quot;:&quot;css selector&quot;,&quot;selector&quot;:&quot;#gender\-male&quot;}<br/>
&nbsp; (Session info: chrome=108.0.5359.99)<br/>
For documentation on this error, please visit: https://selenium.dev/exceptions/#no_such_element<br/>
Build info: version: &apos;4.6.0&apos;, revision: &apos;79f1c02ae20&apos;<br/>
System info: os.name: &apos;Windows 10&apos;, os.arch: &apos;amd64&apos;, os.version: &apos;10.0&apos;, java.version: &apos;1.8.0_121&apos;<br/>
Driver info: org.openqa.selenium.chrome.ChromeDriver<br/>
Command: [fb9d515046c5b6c55b053f4183ad6eab, findElement {using=id, value=gender-male}]<br/>
Capabilities {acceptInsecureCerts: false, browserName: chrome, browserVersion: 108.0.5359.99, chrome: {chromedriverVersion: 108.0.5359.71 (1e0e3868ee06..., userDataDir: C:\Users\viral\AppData\Loca...}, goog:chromeOptions: {debuggerAddress: localhost:55486}, networkConnectionEnabled: false, pageLoadStrategy: normal, platformName: WINDOWS, proxy: Proxy(), se:cdp: ws://localhost:55486/devtoo..., se:cdpVersion: 108.0.5359.99, setWindowRect: true, strictFileInteractability: false, timeouts: {implicit: 0, pageLoad: 300000, script: 30000}, unhandledPromptBehavior: dismiss and notify, webauthn:extension:credBlob: true, webauthn:extension:largeBlob: true, webauthn:virtualAuthenticators: true}<br/>
Session ID: fb9d515046c5b6c55b053f4183ad6eab</b></a><br />
    <div class="stackTrace" id="exception-1">
              sun.reflect.NativeConstructorAccessorImpl.newInstance0(Native Method)<br />
              sun.reflect.NativeConstructorAccessorImpl.newInstance(NativeConstructorAccessorImpl.java:62)<br />
              sun.reflect.DelegatingConstructorAccessorImpl.newInstance(DelegatingConstructorAccessorImpl.java:45)<br />
              java.lang.reflect.Constructor.newInstance(Constructor.java:423)<br />
              org.openqa.selenium.remote.codec.w3c.W3CHttpResponseCodec.createException(W3CHttpResponseCodec.java:200)<br />
              org.openqa.selenium.remote.codec.w3c.W3CHttpResponseCodec.decode(W3CHttpResponseCodec.java:133)<br />
              org.openqa.selenium.remote.codec.w3c.W3CHttpResponseCodec.decode(W3CHttpResponseCodec.java:53)<br />
              org.openqa.selenium.remote.HttpCommandExecutor.execute(HttpCommandExecutor.java:184)<br />
              org.openqa.selenium.remote.service.DriverCommandExecutor.invokeExecute(DriverCommandExecutor.java:167)<br />
              org.openqa.selenium.remote.service.DriverCommandExecutor.execute(DriverCommandExecutor.java:142)<br />
              org.openqa.selenium.remote.RemoteWebDriver.execute(RemoteWebDriver.java:541)<br />
              org.openqa.selenium.remote.ElementLocation$ElementFinder$2.findElement(ElementLocation.java:162)<br />
              org.openqa.selenium.remote.ElementLocation.findElement(ElementLocation.java:60)<br />
              org.openqa.selenium.remote.RemoteWebDriver.findElement(RemoteWebDriver.java:365)<br />
              org.openqa.selenium.remote.RemoteWebDriver.findElement(RemoteWebDriver.java:357)<br />
              org.openqa.selenium.support.pagefactory.DefaultElementLocator.findElement(DefaultElementLocator.java:70)<br />
              org.openqa.selenium.support.pagefactory.internal.LocatingElementHandler.invoke(LocatingElementHandler.java:39)<br />
              com.sun.proxy.$Proxy15.click(Unknown Source)<br />
              com.nopcommerce.demo.utility.Utility.clickOnElement(Utility.java:51)<br />
              com.nopcommerce.demo.pages.RegisterPage.fillAllMandatoryField(RegisterPage.java:57)<br />
              com.nopcommerce.demo.testsuit.RegisterMenuTest.verifyUserShouldRegister(RegisterMenuTest.java:20)<br />
              sun.reflect.NativeMethodAccessorImpl.invoke0(Native Method)<br />
              sun.reflect.NativeMethodAccessorImpl.invoke(NativeMethodAccessorImpl.java:62)<br />
              sun.reflect.DelegatingMethodAccessorImpl.invoke(DelegatingMethodAccessorImpl.java:43)<br />
              java.lang.reflect.Method.invoke(Method.java:498)<br />
              org.testng.internal.invokers.MethodInvocationHelper.invokeMethod(MethodInvocationHelper.java:135)<br />
              org.testng.internal.invokers.TestInvoker.invokeMethod(TestInvoker.java:673)<br />
              org.testng.internal.invokers.TestInvoker.invokeTestMethod(TestInvoker.java:220)<br />
              org.testng.internal.invokers.MethodRunner.runInSequence(MethodRunner.java:50)<br />
              org.testng.internal.invokers.TestInvoker$MethodInvocationAgent.invoke(TestInvoker.java:945)<br />
              org.testng.internal.invokers.TestInvoker.invokeTestMethods(TestInvoker.java:193)<br />
              org.testng.internal.invokers.TestMethodWorker.invokeTestMethods(TestMethodWorker.java:146)<br />
              org.testng.internal.invokers.TestMethodWorker.run(TestMethodWorker.java:128)<br />
              java.util.ArrayList.forEach(ArrayList.java:1249)<br />
              org.testng.TestRunner.privateRun(TestRunner.java:808)<br />
              org.testng.TestRunner.run(TestRunner.java:603)<br />
              org.testng.SuiteRunner.runTest(SuiteRunner.java:429)<br />
              org.testng.SuiteRunner.runSequentially(SuiteRunner.java:423)<br />
              org.testng.SuiteRunner.privateRun(SuiteRunner.java:383)<br />
              org.testng.SuiteRunner.run(SuiteRunner.java:326)<br />
              org.testng.SuiteRunnerWorker.runSuite(SuiteRunnerWorker.java:52)<br />
              org.testng.SuiteRunnerWorker.run(SuiteRunnerWorker.java:95)<br />
              org.testng.TestNG.runSuitesSequentially(TestNG.java:1249)<br />
              org.testng.TestNG.runSuitesLocally(TestNG.java:1169)<br />
              org.testng.TestNG.runSuites(TestNG.java:1092)<br />
              org.testng.TestNG.run(TestNG.java:1060)<br />
              com.intellij.rt.testng.IDEARemoteTestNG.run(IDEARemoteTestNG.java:66)<br />
              com.intellij.rt.testng.RemoteTestNGStarter.main(RemoteTestNGStarter.java:109)<br />
                </div>
      </td>
</tr>
          <tr>
        <td colspan="3" class="group">com.nopcommerce.demo.testsuit.TopMenuTest</td>
      </tr>
            
<tr>
  <td class="method">
                  userShouldNavigateToComputerPageSuccessfully
      </td>
  <td class="duration">
    0.855s
  </td>
  <td class="result">
        
    
            <div class="testOutput">
                        click on computer page[[ChromeDriver: chrome on WINDOWS (e463d6820d1f9a919f39de1345872f35)] -> link text: Computers]
                                Get text from computer page[[ChromeDriver: chrome on WINDOWS (e463d6820d1f9a919f39de1345872f35)] -> link text: Computers]
                                Click to see screenshot
                                <a target = "_blank" href=C:\Users\viral\IdeaProjects\nopcommerce-pagefactory/test-output/html/userShouldNavigateToComputerPageSuccessfullyWed_Dec_14_00_28_51_GMT_2022.jpg>Screenshot</a>
                                <br>
                                <br>
                                <a target = "_blank" href=C:\Users\viral\IdeaProjects\nopcommerce-pagefactory/test-output/html/userShouldNavigateToComputerPageSuccessfullyWed_Dec_14_00_28_51_GMT_2022.jpg><img src=C:\Users\viral\IdeaProjects\nopcommerce-pagefactory/test-output/html/userShouldNavigateToComputerPageSuccessfullyWed_Dec_14_00_28_51_GMT_2022.jpg height=200 width=200></img></a>
                  </div>
    

        <a href="javascript:toggleElement('exception-2', 'block')" title="Click to expand/collapse"><b>org.openqa.selenium.StaleElementReferenceException: stale element reference: element is not attached to the page document<br/>
&nbsp; (Session info: chrome=108.0.5359.99)<br/>
For documentation on this error, please visit: https://selenium.dev/exceptions/#stale_element_reference<br/>
Build info: version: &apos;4.6.0&apos;, revision: &apos;79f1c02ae20&apos;<br/>
System info: os.name: &apos;Windows 10&apos;, os.arch: &apos;amd64&apos;, os.version: &apos;10.0&apos;, java.version: &apos;1.8.0_121&apos;<br/>
Driver info: org.openqa.selenium.chrome.ChromeDriver<br/>
Command: [e463d6820d1f9a919f39de1345872f35, getElementText {id=d3dd454a-0dfd-4808-917f-223864988941}]<br/>
Capabilities {acceptInsecureCerts: false, browserName: chrome, browserVersion: 108.0.5359.99, chrome: {chromedriverVersion: 108.0.5359.71 (1e0e3868ee06..., userDataDir: C:\Users\viral\AppData\Loca...}, goog:chromeOptions: {debuggerAddress: localhost:55598}, networkConnectionEnabled: false, pageLoadStrategy: normal, platformName: WINDOWS, proxy: Proxy(), se:cdp: ws://localhost:55598/devtoo..., se:cdpVersion: 108.0.5359.99, setWindowRect: true, strictFileInteractability: false, timeouts: {implicit: 0, pageLoad: 300000, script: 30000}, unhandledPromptBehavior: dismiss and notify, webauthn:extension:credBlob: true, webauthn:extension:largeBlob: true, webauthn:virtualAuthenticators: true}<br/>
Element: [[ChromeDriver: chrome on WINDOWS (e463d6820d1f9a919f39de1345872f35)] -&gt; link text: Computers]<br/>
Session ID: e463d6820d1f9a919f39de1345872f35</b></a><br />
    <div class="stackTrace" id="exception-2">
              sun.reflect.NativeConstructorAccessorImpl.newInstance0(Native Method)<br />
              sun.reflect.NativeConstructorAccessorImpl.newInstance(NativeConstructorAccessorImpl.java:62)<br />
              sun.reflect.DelegatingConstructorAccessorImpl.newInstance(DelegatingConstructorAccessorImpl.java:45)<br />
              java.lang.reflect.Constructor.newInstance(Constructor.java:423)<br />
              org.openqa.selenium.remote.codec.w3c.W3CHttpResponseCodec.createException(W3CHttpResponseCodec.java:200)<br />
              org.openqa.selenium.remote.codec.w3c.W3CHttpResponseCodec.decode(W3CHttpResponseCodec.java:133)<br />
              org.openqa.selenium.remote.codec.w3c.W3CHttpResponseCodec.decode(W3CHttpResponseCodec.java:53)<br />
              org.openqa.selenium.remote.HttpCommandExecutor.execute(HttpCommandExecutor.java:184)<br />
              org.openqa.selenium.remote.service.DriverCommandExecutor.invokeExecute(DriverCommandExecutor.java:167)<br />
              org.openqa.selenium.remote.service.DriverCommandExecutor.execute(DriverCommandExecutor.java:142)<br />
              org.openqa.selenium.remote.RemoteWebDriver.execute(RemoteWebDriver.java:541)<br />
              org.openqa.selenium.remote.RemoteWebElement.execute(RemoteWebElement.java:257)<br />
              org.openqa.selenium.remote.RemoteWebElement.getText(RemoteWebElement.java:207)<br />
              sun.reflect.NativeMethodAccessorImpl.invoke0(Native Method)<br />
              sun.reflect.NativeMethodAccessorImpl.invoke(NativeMethodAccessorImpl.java:62)<br />
              sun.reflect.DelegatingMethodAccessorImpl.invoke(DelegatingMethodAccessorImpl.java:43)<br />
              java.lang.reflect.Method.invoke(Method.java:498)<br />
              org.openqa.selenium.support.pagefactory.internal.LocatingElementHandler.invoke(LocatingElementHandler.java:52)<br />
              com.sun.proxy.$Proxy15.getText(Unknown Source)<br />
              com.nopcommerce.demo.utility.Utility.getTextFromElement(Utility.java:62)<br />
              com.nopcommerce.demo.pages.ComputerPage.getStringComputer(ComputerPage.java:184)<br />
              com.nopcommerce.demo.testsuit.TopMenuTest.userShouldNavigateToComputerPageSuccessfully(TopMenuTest.java:38)<br />
              sun.reflect.NativeMethodAccessorImpl.invoke0(Native Method)<br />
              sun.reflect.NativeMethodAccessorImpl.invoke(NativeMethodAccessorImpl.java:62)<br />
              sun.reflect.DelegatingMethodAccessorImpl.invoke(DelegatingMethodAccessorImpl.java:43)<br />
              java.lang.reflect.Method.invoke(Method.java:498)<br />
              org.testng.internal.invokers.MethodInvocationHelper.invokeMethod(MethodInvocationHelper.java:135)<br />
              org.testng.internal.invokers.TestInvoker.invokeMethod(TestInvoker.java:673)<br />
              org.testng.internal.invokers.TestInvoker.invokeTestMethod(TestInvoker.java:220)<br />
              org.testng.internal.invokers.MethodRunner.runInSequence(MethodRunner.java:50)<br />
              org.testng.internal.invokers.TestInvoker$MethodInvocationAgent.invoke(TestInvoker.java:945)<br />
              org.testng.internal.invokers.TestInvoker.invokeTestMethods(TestInvoker.java:193)<br />
              org.testng.internal.invokers.TestMethodWorker.invokeTestMethods(TestMethodWorker.java:146)<br />
              org.testng.internal.invokers.TestMethodWorker.run(TestMethodWorker.java:128)<br />
              java.util.ArrayList.forEach(ArrayList.java:1249)<br />
              org.testng.TestRunner.privateRun(TestRunner.java:808)<br />
              org.testng.TestRunner.run(TestRunner.java:603)<br />
              org.testng.SuiteRunner.runTest(SuiteRunner.java:429)<br />
              org.testng.SuiteRunner.runSequentially(SuiteRunner.java:423)<br />
              org.testng.SuiteRunner.privateRun(SuiteRunner.java:383)<br />
              org.testng.SuiteRunner.run(SuiteRunner.java:326)<br />
              org.testng.SuiteRunnerWorker.runSuite(SuiteRunnerWorker.java:52)<br />
              org.testng.SuiteRunnerWorker.run(SuiteRunnerWorker.java:95)<br />
              org.testng.TestNG.runSuitesSequentially(TestNG.java:1249)<br />
              org.testng.TestNG.runSuitesLocally(TestNG.java:1169)<br />
              org.testng.TestNG.runSuites(TestNG.java:1092)<br />
              org.testng.TestNG.run(TestNG.java:1060)<br />
              com.intellij.rt.testng.IDEARemoteTestNG.run(IDEARemoteTestNG.java:66)<br />
              com.intellij.rt.testng.RemoteTestNGStarter.main(RemoteTestNGStarter.java:109)<br />
                </div>
      </td>
</tr>
<tr>
  <td class="method">
                  userShouldNavigateToElectronicsPageSuccessfully
      </td>
  <td class="duration">
    0.441s
  </td>
  <td class="result">
        
    
            <div class="testOutput">
                        click on electronic page[[ChromeDriver: chrome on WINDOWS (87d71f834270e8323afb4d4f0729d89a)] -> link text: Electronics]
                                get text from electronic page[[ChromeDriver: chrome on WINDOWS (87d71f834270e8323afb4d4f0729d89a)] -> link text: Electronics]
                                Click to see screenshot
                                <a target = "_blank" href=C:\Users\viral\IdeaProjects\nopcommerce-pagefactory/test-output/html/userShouldNavigateToElectronicsPageSuccessfullyWed_Dec_14_00_28_59_GMT_2022.jpg>Screenshot</a>
                                <br>
                                <br>
                                <a target = "_blank" href=C:\Users\viral\IdeaProjects\nopcommerce-pagefactory/test-output/html/userShouldNavigateToElectronicsPageSuccessfullyWed_Dec_14_00_28_59_GMT_2022.jpg><img src=C:\Users\viral\IdeaProjects\nopcommerce-pagefactory/test-output/html/userShouldNavigateToElectronicsPageSuccessfullyWed_Dec_14_00_28_59_GMT_2022.jpg height=200 width=200></img></a>
                  </div>
    

        <a href="javascript:toggleElement('exception-3', 'block')" title="Click to expand/collapse"><b>org.openqa.selenium.StaleElementReferenceException: stale element reference: element is not attached to the page document<br/>
&nbsp; (Session info: chrome=108.0.5359.99)<br/>
For documentation on this error, please visit: https://selenium.dev/exceptions/#stale_element_reference<br/>
Build info: version: &apos;4.6.0&apos;, revision: &apos;79f1c02ae20&apos;<br/>
System info: os.name: &apos;Windows 10&apos;, os.arch: &apos;amd64&apos;, os.version: &apos;10.0&apos;, java.version: &apos;1.8.0_121&apos;<br/>
Driver info: org.openqa.selenium.chrome.ChromeDriver<br/>
Command: [87d71f834270e8323afb4d4f0729d89a, getElementText {id=b9249b0c-517f-4160-89e1-f5128a3a62e1}]<br/>
Capabilities {acceptInsecureCerts: false, browserName: chrome, browserVersion: 108.0.5359.99, chrome: {chromedriverVersion: 108.0.5359.71 (1e0e3868ee06..., userDataDir: C:\Users\viral\AppData\Loca...}, goog:chromeOptions: {debuggerAddress: localhost:55637}, networkConnectionEnabled: false, pageLoadStrategy: normal, platformName: WINDOWS, proxy: Proxy(), se:cdp: ws://localhost:55637/devtoo..., se:cdpVersion: 108.0.5359.99, setWindowRect: true, strictFileInteractability: false, timeouts: {implicit: 0, pageLoad: 300000, script: 30000}, unhandledPromptBehavior: dismiss and notify, webauthn:extension:credBlob: true, webauthn:extension:largeBlob: true, webauthn:virtualAuthenticators: true}<br/>
Element: [[ChromeDriver: chrome on WINDOWS (87d71f834270e8323afb4d4f0729d89a)] -&gt; link text: Electronics]<br/>
Session ID: 87d71f834270e8323afb4d4f0729d89a</b></a><br />
    <div class="stackTrace" id="exception-3">
              sun.reflect.NativeConstructorAccessorImpl.newInstance0(Native Method)<br />
              sun.reflect.NativeConstructorAccessorImpl.newInstance(NativeConstructorAccessorImpl.java:62)<br />
              sun.reflect.DelegatingConstructorAccessorImpl.newInstance(DelegatingConstructorAccessorImpl.java:45)<br />
              java.lang.reflect.Constructor.newInstance(Constructor.java:423)<br />
              org.openqa.selenium.remote.codec.w3c.W3CHttpResponseCodec.createException(W3CHttpResponseCodec.java:200)<br />
              org.openqa.selenium.remote.codec.w3c.W3CHttpResponseCodec.decode(W3CHttpResponseCodec.java:133)<br />
              org.openqa.selenium.remote.codec.w3c.W3CHttpResponseCodec.decode(W3CHttpResponseCodec.java:53)<br />
              org.openqa.selenium.remote.HttpCommandExecutor.execute(HttpCommandExecutor.java:184)<br />
              org.openqa.selenium.remote.service.DriverCommandExecutor.invokeExecute(DriverCommandExecutor.java:167)<br />
              org.openqa.selenium.remote.service.DriverCommandExecutor.execute(DriverCommandExecutor.java:142)<br />
              org.openqa.selenium.remote.RemoteWebDriver.execute(RemoteWebDriver.java:541)<br />
              org.openqa.selenium.remote.RemoteWebElement.execute(RemoteWebElement.java:257)<br />
              org.openqa.selenium.remote.RemoteWebElement.getText(RemoteWebElement.java:207)<br />
              sun.reflect.NativeMethodAccessorImpl.invoke0(Native Method)<br />
              sun.reflect.NativeMethodAccessorImpl.invoke(NativeMethodAccessorImpl.java:62)<br />
              sun.reflect.DelegatingMethodAccessorImpl.invoke(DelegatingMethodAccessorImpl.java:43)<br />
              java.lang.reflect.Method.invoke(Method.java:498)<br />
              org.openqa.selenium.support.pagefactory.internal.LocatingElementHandler.invoke(LocatingElementHandler.java:52)<br />
              com.sun.proxy.$Proxy15.getText(Unknown Source)<br />
              com.nopcommerce.demo.utility.Utility.getTextFromElement(Utility.java:62)<br />
              com.nopcommerce.demo.pages.ElectronicPage.getStringElectronic(ElectronicPage.java:117)<br />
              com.nopcommerce.demo.testsuit.TopMenuTest.userShouldNavigateToElectronicsPageSuccessfully(TopMenuTest.java:43)<br />
              sun.reflect.NativeMethodAccessorImpl.invoke0(Native Method)<br />
              sun.reflect.NativeMethodAccessorImpl.invoke(NativeMethodAccessorImpl.java:62)<br />
              sun.reflect.DelegatingMethodAccessorImpl.invoke(DelegatingMethodAccessorImpl.java:43)<br />
              java.lang.reflect.Method.invoke(Method.java:498)<br />
              org.testng.internal.invokers.MethodInvocationHelper.invokeMethod(MethodInvocationHelper.java:135)<br />
              org.testng.internal.invokers.TestInvoker.invokeMethod(TestInvoker.java:673)<br />
              org.testng.internal.invokers.TestInvoker.invokeTestMethod(TestInvoker.java:220)<br />
              org.testng.internal.invokers.MethodRunner.runInSequence(MethodRunner.java:50)<br />
              org.testng.internal.invokers.TestInvoker$MethodInvocationAgent.invoke(TestInvoker.java:945)<br />
              org.testng.internal.invokers.TestInvoker.invokeTestMethods(TestInvoker.java:193)<br />
              org.testng.internal.invokers.TestMethodWorker.invokeTestMethods(TestMethodWorker.java:146)<br />
              org.testng.internal.invokers.TestMethodWorker.run(TestMethodWorker.java:128)<br />
              java.util.ArrayList.forEach(ArrayList.java:1249)<br />
              org.testng.TestRunner.privateRun(TestRunner.java:808)<br />
              org.testng.TestRunner.run(TestRunner.java:603)<br />
              org.testng.SuiteRunner.runTest(SuiteRunner.java:429)<br />
              org.testng.SuiteRunner.runSequentially(SuiteRunner.java:423)<br />
              org.testng.SuiteRunner.privateRun(SuiteRunner.java:383)<br />
              org.testng.SuiteRunner.run(SuiteRunner.java:326)<br />
              org.testng.SuiteRunnerWorker.runSuite(SuiteRunnerWorker.java:52)<br />
              org.testng.SuiteRunnerWorker.run(SuiteRunnerWorker.java:95)<br />
              org.testng.TestNG.runSuitesSequentially(TestNG.java:1249)<br />
              org.testng.TestNG.runSuitesLocally(TestNG.java:1169)<br />
              org.testng.TestNG.runSuites(TestNG.java:1092)<br />
              org.testng.TestNG.run(TestNG.java:1060)<br />
              com.intellij.rt.testng.IDEARemoteTestNG.run(IDEARemoteTestNG.java:66)<br />
              com.intellij.rt.testng.RemoteTestNGStarter.main(RemoteTestNGStarter.java:109)<br />
                </div>
      </td>
</tr>
      </table>


  <table class="resultsTable">
    <tr><th colspan="3" class="header passed">Passed Tests</th></tr>
          <tr>
        <td colspan="3" class="group">com.nopcommerce.demo.testsuit.ComputerTest</td>
      </tr>
            
<tr>
  <td class="method">
                  verifyProductArrangeInAlphaBaticalOrder
      </td>
  <td class="duration">
    1.452s
  </td>
  <td class="result">
        
    
            <div class="testOutput">
                        click on computer page[[ChromeDriver: chrome on WINDOWS (73e7e12ccdd0b8df49b62882d229afbc)] -> link text: Computers]
                                click on desktop page[[ChromeDriver: chrome on WINDOWS (73e7e12ccdd0b8df49b62882d229afbc)] -> link text: Desktops]
                                click on select position[[ChromeDriver: chrome on WINDOWS (73e7e12ccdd0b8df49b62882d229afbc)] -> xpath: //select[@id='products-orderby']]
                                select from drop down[[ChromeDriver: chrome on WINDOWS (73e7e12ccdd0b8df49b62882d229afbc)] -> xpath: //select[@id='products-orderby']]
                  </div>
    

      </td>
</tr>
          <tr>
        <td colspan="3" class="group">com.nopcommerce.demo.testsuit.ElectronicTest</td>
      </tr>
            
<tr>
  <td class="method">
                  verifyUserShouldNavigateToCellPhonesPageSuccessfully
      </td>
  <td class="duration">
    1.120s
  </td>
  <td class="result">
        
    
            <div class="testOutput">
                        mouse hover to electronic page[[ChromeDriver: chrome on WINDOWS (4be67c923419739eb58e25c85667e5ac)] -> link text: Electronics]
                                click on cell phone page[[ChromeDriver: chrome on WINDOWS (4be67c923419739eb58e25c85667e5ac)] -> link text: Cell phones]
                                get text from cell phone[[ChromeDriver: chrome on WINDOWS (4be67c923419739eb58e25c85667e5ac)] -> xpath: //h1[contains(text(),'Cell phones')]]
                  </div>
    

      </td>
</tr>
          <tr>
        <td colspan="3" class="group">com.nopcommerce.demo.testsuit.LoginTest</td>
      </tr>
            
<tr>
  <td class="method">
                  verifyErrorMessageWithInvalidCredential
      </td>
  <td class="duration">
    1.741s
  </td>
  <td class="result">
        
    
            <div class="testOutput">
                        click on login link[[ChromeDriver: chrome on WINDOWS (99283e8cec01ba3692513b3ba7289e06)] -> link text: Log in]
                                enter email [[ChromeDriver: chrome on WINDOWS (99283e8cec01ba3692513b3ba7289e06)] -> id: Email]
                                enter password [[ChromeDriver: chrome on WINDOWS (99283e8cec01ba3692513b3ba7289e06)] -> name: Password]
                                click on login button[[ChromeDriver: chrome on WINDOWS (99283e8cec01ba3692513b3ba7289e06)] -> xpath: //button[contains(text(),'Log in')]]
                                verify error message[[ChromeDriver: chrome on WINDOWS (99283e8cec01ba3692513b3ba7289e06)] -> xpath: //div[@class='message-error validation-summary-errors']]
                  </div>
    

      </td>
</tr>
<tr>
  <td class="method">
                  verifyUserShouldNavigateToLoginPageSuccessfully
      </td>
  <td class="duration">
    1.394s
  </td>
  <td class="result">
        
    
            <div class="testOutput">
                        click on login link[[ChromeDriver: chrome on WINDOWS (0a3f56d38a06dbe040ca1a57fda93a6b)] -> link text: Log in]
                                verify welcome text[[ChromeDriver: chrome on WINDOWS (0a3f56d38a06dbe040ca1a57fda93a6b)] -> xpath: //h1[contains(text(),'Welcome, Please Sign In!')]]
                                verify welcome text[[ChromeDriver: chrome on WINDOWS (0a3f56d38a06dbe040ca1a57fda93a6b)] -> xpath: //h1[contains(text(),'Welcome, Please Sign In!')]]
                                enter email [[ChromeDriver: chrome on WINDOWS (0a3f56d38a06dbe040ca1a57fda93a6b)] -> id: Email]
                                enter password [[ChromeDriver: chrome on WINDOWS (0a3f56d38a06dbe040ca1a57fda93a6b)] -> name: Password]
                                click on login button[[ChromeDriver: chrome on WINDOWS (0a3f56d38a06dbe040ca1a57fda93a6b)] -> xpath: //button[contains(text(),'Log in')]]
                  </div>
    

      </td>
</tr>
          <tr>
        <td colspan="3" class="group">com.nopcommerce.demo.testsuit.RegisterMenuTest</td>
      </tr>
            
<tr>
  <td class="method">
                  UserShouldNavigateToRegisterPageSuccessfully
      </td>
  <td class="duration">
    0.839s
  </td>
  <td class="result">
        
    
            <div class="testOutput">
                        Click on register page[[ChromeDriver: chrome on WINDOWS (8338183c1067571faa572ccebdff5f47)] -> xpath: //a[contains(text(),'Register')]]
                  </div>
    

      </td>
</tr>
          <tr>
        <td colspan="3" class="group">com.nopcommerce.demo.testsuit.TopMenuTest</td>
      </tr>
            
<tr>
  <td class="method">
                  selectTopMenu
      </td>
  <td class="duration">
    0.877s
  </td>
  <td class="result">
        
    
        

      </td>
</tr>
<tr>
  <td class="method">
                  userShouldNavigateToApparelPageSuccessfully
      </td>
  <td class="duration">
    0.881s
  </td>
  <td class="result">
        
    
            <div class="testOutput">
                        click on apparel pageBy.linkText: Apparel
                                get string from apparel pageBy.linkText: Apparel
                  </div>
    

      </td>
</tr>
<tr>
  <td class="method">
                  userShouldNavigateToBooksPageSuccessfully
      </td>
  <td class="duration">
    0.913s
  </td>
  <td class="result">
        
    
            <div class="testOutput">
                        click on Books PageBy.linkText: Books
                                get text from books pageBy.linkText: Books
                  </div>
    

      </td>
</tr>
<tr>
  <td class="method">
                  userShouldNavigateToDigitalDownloadsPageSuccessfully
      </td>
  <td class="duration">
    0.922s
  </td>
  <td class="result">
        
    
            <div class="testOutput">
                        click on digital download pageBy.linkText: Digital downloads
                                get string from digital download pageBy.linkText: Digital downloads
                  </div>
    

      </td>
</tr>
<tr>
  <td class="method">
                  userShouldNavigateToGiftCardsPageSuccessfully
      </td>
  <td class="duration">
    0.894s
  </td>
  <td class="result">
        
    
            <div class="testOutput">
                        get string from apparel pageBy.linkText: Gift Cards
                                get string from gift card pageBy.linkText: Gift Cards
                  </div>
    

      </td>
</tr>
<tr>
  <td class="method">
                  userShouldNavigateToJewelryPageSuccessfully
      </td>
  <td class="duration">
    0.475s
  </td>
  <td class="result">
        
    
            <div class="testOutput">
                        get string from jewellery pageBy.linkText: Jewelry
                                get string from jewellery pageBy.linkText: Jewelry
                  </div>
    

      </td>
</tr>
      </table>
  
</body>
</html>
