<!DOCTYPE html PUBLIC "-//W3C//DTD XHTML 1.1//EN" "https://www.w3.org/TR/xhtml11/DTD/xhtml11.dtd">
<html xmlns="https://www.w3.org/1999/xhtml">
<head>
<meta http-equiv="content-type" content="text/html; charset=UTF-8"/>
<title>TestNG Report</title>
<style type="text/css">table {margin-bottom:10px;border-collapse:collapse;empty-cells:show}th,td {border:1px solid #009;padding:.25em .5em}th {vertical-align:bottom}td {vertical-align:top}table a {font-weight:bold}.stripe td {background-color: #E6EBF9}.num {text-align:right}.passedodd td {background-color: #3F3}.passedeven td {background-color: #0A0}.skippedodd td {background-color: #DDD}.skippedeven td {background-color: #CCC}.failedodd td,.attn {background-color: #F33}.failedeven td,.stripe .attn {background-color: #D00}.stacktrace {white-space:pre;font-family:monospace}.totop {font-size:85%;text-align:center;border-bottom:2px solid #000}.invisible {display:none}</style>
</head>
<body>
<table>
<tr><th>Test</th><th># Passed</th><th># Skipped</th><th># Retried</th><th># Failed</th><th>Time (ms)</th><th>Included Groups</th><th>Excluded Groups</th></tr>
<tr><th colspan="8">smoke suit</th></tr>
<tr><td><a href="#t0">smoke Test</a></td><td class="num">1</td><td class="num">0</td><td class="num">0</td><td class="num attn">3</td><td class="num">148,385</td><td>smoke</td><td></td></tr>
</table>
<table id='summary'><thead><tr><th>Class</th><th>Method</th><th>Start</th><th>Time (ms)</th></tr></thead><tbody><tr><th colspan="4">smoke suit</th></tr></tbody><tbody id="t0"><tr><th colspan="4">smoke Test &#8212; failed</th></tr><tr class="failedeven"><td rowspan="1">com.nopcommerce.demo.testsuit.ElectronicTest</td><td><a href="#m0">verifyThatTheProductAddedSuccessfullyAndPlaceOrderSuccessfully</a></td><td rowspan="1">1670977392148</td><td rowspan="1">70368</td></tr><tr class="failedodd"><td rowspan="1">com.nopcommerce.demo.testsuit.RegisterMenuTest</td><td><a href="#m1">verifyUserShouldRegister</a></td><td rowspan="1">1670977470862</td><td rowspan="1">60098</td></tr><tr class="failedeven"><td rowspan="1">com.nopcommerce.demo.testsuit.TopMenuTest</td><td><a href="#m2">userShouldNavigateToComputerPageSuccessfully</a></td><td rowspan="1">1670977534404</td><td rowspan="1">903</td></tr><tr><th colspan="4">smoke Test &#8212; passed</th></tr><tr class="passedeven"><td rowspan="1">com.nopcommerce.demo.testsuit.LoginTest</td><td><a href="#m3">verifyErrorMessageWithInvalidCredential</a></td><td rowspan="1">1670977465751</td><td rowspan="1">1735</td></tr></tbody>
</table>
<h2>smoke Test</h2><h3 id="m0">com.nopcommerce.demo.testsuit.ElectronicTest#verifyThatTheProductAddedSuccessfullyAndPlaceOrderSuccessfully</h3><table class="result"><tr><th>Messages</th></tr><tr><td><div class="messages">mouse hover to electronic page[[ChromeDriver: chrome on WINDOWS (259bf754f7ba3046433b48aa204671fa)] -> link text: Electronics]<br/>click on cell phone page[[ChromeDriver: chrome on WINDOWS (259bf754f7ba3046433b48aa204671fa)] -> link text: Cell phones]<br/>get text from cell phone[[ChromeDriver: chrome on WINDOWS (259bf754f7ba3046433b48aa204671fa)] -> xpath: //h1[contains(text(),'Cell phones')]]<br/>click on list [[ChromeDriver: chrome on WINDOWS (259bf754f7ba3046433b48aa204671fa)] -> xpath: //a[contains(text(),'List')]]<br/>click o nokia lumia[[ChromeDriver: chrome on WINDOWS (259bf754f7ba3046433b48aa204671fa)] -> link text: Nokia Lumia 1020]<br/>verify text nokia lumia[[ChromeDriver: chrome on WINDOWS (259bf754f7ba3046433b48aa204671fa)] -> xpath: //h1[contains(text(),'Nokia Lumia 1020')]]<br/>get text from electronic page[[ChromeDriver: chrome on WINDOWS (259bf754f7ba3046433b48aa204671fa)] -> link text: Electronics]<br/>update qty[[ChromeDriver: chrome on WINDOWS (259bf754f7ba3046433b48aa204671fa)] -> id: product_enteredQuantity_20]<br/>click on add to cart[[ChromeDriver: chrome on WINDOWS (259bf754f7ba3046433b48aa204671fa)] -> id: add-to-cart-button-20]<br/>click on close message bar[[ChromeDriver: chrome on WINDOWS (259bf754f7ba3046433b48aa204671fa)] -> xpath: //span[@class='close']]<br/>click on go cart[[ChromeDriver: chrome on WINDOWS (259bf754f7ba3046433b48aa204671fa)] -> xpath: //button[contains(text(),'Go to cart')]]<br/>verify price[[ChromeDriver: chrome on WINDOWS (259bf754f7ba3046433b48aa204671fa)] -> xpath: //span[@class='value-summary']/strong]<br/>accept terms and condition[[ChromeDriver: chrome on WINDOWS (259bf754f7ba3046433b48aa204671fa)] -> id: termsofservice]<br/>click on Checkout[[ChromeDriver: chrome on WINDOWS (259bf754f7ba3046433b48aa204671fa)] -> id: checkout]<br/>verify welcome sign in message[[ChromeDriver: chrome on WINDOWS (259bf754f7ba3046433b48aa204671fa)] -> xpath: //h1[contains(text(),'Welcome, Please Sign In!')]]<br/>click on register link[[ChromeDriver: chrome on WINDOWS (259bf754f7ba3046433b48aa204671fa)] -> xpath: //button[contains(text(),'Register')]]<br/>Click on gender[[ChromeDriver: chrome on WINDOWS (259bf754f7ba3046433b48aa204671fa)] -> id: gender-male]<br/>enter first name[[ChromeDriver: chrome on WINDOWS (259bf754f7ba3046433b48aa204671fa)] -> id: FirstName]<br/>enter last Name[[ChromeDriver: chrome on WINDOWS (259bf754f7ba3046433b48aa204671fa)] -> id: LastName]<br/>select birth day[[ChromeDriver: chrome on WINDOWS (259bf754f7ba3046433b48aa204671fa)] -> xpath: //select[@name='DateOfBirthDay']]<br/>select birth month[[ChromeDriver: chrome on WINDOWS (259bf754f7ba3046433b48aa204671fa)] -> xpath: //select[@name='DateOfBirthMonth']]<br/>select birth Year[[ChromeDriver: chrome on WINDOWS (259bf754f7ba3046433b48aa204671fa)] -> xpath: //select[@name='DateOfBirthYear']]<br/>enter email id[[ChromeDriver: chrome on WINDOWS (259bf754f7ba3046433b48aa204671fa)] -> id: Email]<br/>enter company name[[ChromeDriver: chrome on WINDOWS (259bf754f7ba3046433b48aa204671fa)] -> id: Company]<br/>enter password[[ChromeDriver: chrome on WINDOWS (259bf754f7ba3046433b48aa204671fa)] -> id: Password]<br/>enter confirm password[[ChromeDriver: chrome on WINDOWS (259bf754f7ba3046433b48aa204671fa)] -> id: ConfirmPassword]<br/>click on register link[[ChromeDriver: chrome on WINDOWS (259bf754f7ba3046433b48aa204671fa)] -> id: register-button]<br/>verify register complete[[ChromeDriver: chrome on WINDOWS (259bf754f7ba3046433b48aa204671fa)] -> xpath: //div[@class='result']]<br/>click on continue after register complete[[ChromeDriver: chrome on WINDOWS (259bf754f7ba3046433b48aa204671fa)] -> xpath: //div[@class='buttons']/a]<br/>verify shopping cart[[ChromeDriver: chrome on WINDOWS (259bf754f7ba3046433b48aa204671fa)] -> xpath: //h1[contains(text(),'Shopping cart')]]<br/>click on terms and condition[[ChromeDriver: chrome on WINDOWS (259bf754f7ba3046433b48aa204671fa)] -> id: termsofservice]<br/>click on check out[[ChromeDriver: chrome on WINDOWS (259bf754f7ba3046433b48aa204671fa)] -> id: checkout]<br/>Mandatory name [[ChromeDriver: chrome on WINDOWS (259bf754f7ba3046433b48aa204671fa)] -> id: BillingNewAddress_FirstName]<br/>Mandatory  LAst name [[ChromeDriver: chrome on WINDOWS (259bf754f7ba3046433b48aa204671fa)] -> id: BillingNewAddress_LastName]<br/>Mandatory Email [[ChromeDriver: chrome on WINDOWS (259bf754f7ba3046433b48aa204671fa)] -> id: BillingNewAddress_Email]<br/>Mandatory Country[[ChromeDriver: chrome on WINDOWS (259bf754f7ba3046433b48aa204671fa)] -> id: BillingNewAddress_CountryId]<br/>Mandatory State [[ChromeDriver: chrome on WINDOWS (259bf754f7ba3046433b48aa204671fa)] -> id: BillingNewAddress_StateProvinceId]<br/>Mandatory City [[ChromeDriver: chrome on WINDOWS (259bf754f7ba3046433b48aa204671fa)] -> id: BillingNewAddress_City]<br/>Mandatory Address[[ChromeDriver: chrome on WINDOWS (259bf754f7ba3046433b48aa204671fa)] -> xpath: //input[@id='BillingNewAddress_Address1']]<br/>Mandatory Postal Code[[ChromeDriver: chrome on WINDOWS (259bf754f7ba3046433b48aa204671fa)] -> id: BillingNewAddress_ZipPostalCode]<br/>Mandatory Phone number [[ChromeDriver: chrome on WINDOWS (259bf754f7ba3046433b48aa204671fa)] -> id: BillingNewAddress_PhoneNumber]<br/>Click on continue Proxy element for: DefaultElementLocator 'By.name: BillingNewAddress_PhoneNumber'<br/>Click to see screenshot<br/><a target = "_blank" href=C:\Users\viral\IdeaProjects\nopcommerce-pagefactory/test-output/html/verifyThatTheProductAddedSuccessfullyAndPlaceOrderSuccessfullyWed_Dec_14_00_24_22_GMT_2022.jpg>Screenshot</a><br/><br><br/><br><br/><a target = "_blank" href=C:\Users\viral\IdeaProjects\nopcommerce-pagefactory/test-output/html/verifyThatTheProductAddedSuccessfullyAndPlaceOrderSuccessfullyWed_Dec_14_00_24_22_GMT_2022.jpg><img src=C:\Users\viral\IdeaProjects\nopcommerce-pagefactory/test-output/html/verifyThatTheProductAddedSuccessfullyAndPlaceOrderSuccessfullyWed_Dec_14_00_24_22_GMT_2022.jpg height=200 width=200></img></a></div></td></tr><tr><th>Exception</th></tr><tr><td><div class="stacktrace">org.openqa.selenium.NoSuchElementException: no such element: Unable to locate element: {&quot;method&quot;:&quot;css selector&quot;,&quot;selector&quot;:&quot;*[name=&apos;BillingNewAddress_PhoneNumber&apos;]&quot;}
  (Session info: chrome=108.0.5359.99)
For documentation on this error, please visit: https://selenium.dev/exceptions/#no_such_element
Build info: version: &apos;4.6.0&apos;, revision: &apos;79f1c02ae20&apos;
System info: os.name: &apos;Windows 10&apos;, os.arch: &apos;amd64&apos;, os.version: &apos;10.0&apos;, java.version: &apos;1.8.0_121&apos;
Driver info: org.openqa.selenium.chrome.ChromeDriver
Command: [259bf754f7ba3046433b48aa204671fa, findElement {using=name, value=BillingNewAddress_PhoneNumber}]
Capabilities {acceptInsecureCerts: false, browserName: chrome, browserVersion: 108.0.5359.99, chrome: {chromedriverVersion: 108.0.5359.71 (1e0e3868ee06..., userDataDir: C:\Users\viral\AppData\Loca...}, goog:chromeOptions: {debuggerAddress: localhost:55165}, networkConnectionEnabled: false, pageLoadStrategy: normal, platformName: WINDOWS, proxy: Proxy(), se:cdp: ws://localhost:55165/devtoo..., se:cdpVersion: 108.0.5359.99, setWindowRect: true, strictFileInteractability: false, timeouts: {implicit: 0, pageLoad: 300000, script: 30000}, unhandledPromptBehavior: dismiss and notify, webauthn:extension:credBlob: true, webauthn:extension:largeBlob: true, webauthn:virtualAuthenticators: true}
Session ID: 259bf754f7ba3046433b48aa204671fa
	at org.openqa.selenium.remote.codec.w3c.W3CHttpResponseCodec.createException(W3CHttpResponseCodec.java:200)
	at org.openqa.selenium.remote.codec.w3c.W3CHttpResponseCodec.decode(W3CHttpResponseCodec.java:133)
	at org.openqa.selenium.remote.codec.w3c.W3CHttpResponseCodec.decode(W3CHttpResponseCodec.java:53)
	at org.openqa.selenium.remote.HttpCommandExecutor.execute(HttpCommandExecutor.java:184)
	at org.openqa.selenium.remote.service.DriverCommandExecutor.invokeExecute(DriverCommandExecutor.java:167)
	at org.openqa.selenium.remote.service.DriverCommandExecutor.execute(DriverCommandExecutor.java:142)
	at org.openqa.selenium.remote.RemoteWebDriver.execute(RemoteWebDriver.java:541)
	at org.openqa.selenium.remote.ElementLocation$ElementFinder$2.findElement(ElementLocation.java:162)
	at org.openqa.selenium.remote.ElementLocation.findElement(ElementLocation.java:60)
	at org.openqa.selenium.remote.RemoteWebDriver.findElement(RemoteWebDriver.java:365)
	at org.openqa.selenium.remote.RemoteWebDriver.findElement(RemoteWebDriver.java:357)
	at org.openqa.selenium.support.pagefactory.DefaultElementLocator.findElement(DefaultElementLocator.java:70)
	at org.openqa.selenium.support.pagefactory.internal.LocatingElementHandler.invoke(LocatingElementHandler.java:39)
	at com.sun.proxy.$Proxy15.click(Unknown Source)
	at com.nopcommerce.demo.utility.Utility.clickOnElement(Utility.java:51)
	at com.nopcommerce.demo.pages.ComputerPage.fillAllMandatoryField(ComputerPage.java:387)
	at com.nopcommerce.demo.testsuit.ElectronicTest.verifyThatTheProductAddedSuccessfullyAndPlaceOrderSuccessfully(ElectronicTest.java:47)
	at java.util.ArrayList.forEach(ArrayList.java:1249)
	at com.intellij.rt.testng.IDEARemoteTestNG.run(IDEARemoteTestNG.java:66)
	at com.intellij.rt.testng.RemoteTestNGStarter.main(RemoteTestNGStarter.java:109)
... Removed 28 stack frames</div></td></tr></table><p class="totop"><a href="#summary">back to summary</a></p>
<h3 id="m1">com.nopcommerce.demo.testsuit.RegisterMenuTest#verifyUserShouldRegister</h3><table class="result"><tr><th>Messages</th></tr><tr><td><div class="messages">Click on genderProxy element for: DefaultElementLocator 'By.id: gender-male'<br/>Click to see screenshot<br/><a target = "_blank" href=C:\Users\viral\IdeaProjects\nopcommerce-pagefactory/test-output/html/verifyUserShouldRegisterWed_Dec_14_00_25_31_GMT_2022.jpg>Screenshot</a><br/><br><br/><br><br/><a target = "_blank" href=C:\Users\viral\IdeaProjects\nopcommerce-pagefactory/test-output/html/verifyUserShouldRegisterWed_Dec_14_00_25_31_GMT_2022.jpg><img src=C:\Users\viral\IdeaProjects\nopcommerce-pagefactory/test-output/html/verifyUserShouldRegisterWed_Dec_14_00_25_31_GMT_2022.jpg height=200 width=200></img></a></div></td></tr><tr><th>Exception</th></tr><tr><td><div class="stacktrace">org.openqa.selenium.NoSuchElementException: no such element: Unable to locate element: {&quot;method&quot;:&quot;css selector&quot;,&quot;selector&quot;:&quot;#gender\-male&quot;}
  (Session info: chrome=108.0.5359.99)
For documentation on this error, please visit: https://selenium.dev/exceptions/#no_such_element
Build info: version: &apos;4.6.0&apos;, revision: &apos;79f1c02ae20&apos;
System info: os.name: &apos;Windows 10&apos;, os.arch: &apos;amd64&apos;, os.version: &apos;10.0&apos;, java.version: &apos;1.8.0_121&apos;
Driver info: org.openqa.selenium.chrome.ChromeDriver
Command: [c490bc40dfc4c2681f1e5699fca8c388, findElement {using=id, value=gender-male}]
Capabilities {acceptInsecureCerts: false, browserName: chrome, browserVersion: 108.0.5359.99, chrome: {chromedriverVersion: 108.0.5359.71 (1e0e3868ee06..., userDataDir: C:\Users\viral\AppData\Loca...}, goog:chromeOptions: {debuggerAddress: localhost:55243}, networkConnectionEnabled: false, pageLoadStrategy: normal, platformName: WINDOWS, proxy: Proxy(), se:cdp: ws://localhost:55243/devtoo..., se:cdpVersion: 108.0.5359.99, setWindowRect: true, strictFileInteractability: false, timeouts: {implicit: 0, pageLoad: 300000, script: 30000}, unhandledPromptBehavior: dismiss and notify, webauthn:extension:credBlob: true, webauthn:extension:largeBlob: true, webauthn:virtualAuthenticators: true}
Session ID: c490bc40dfc4c2681f1e5699fca8c388
	at org.openqa.selenium.remote.codec.w3c.W3CHttpResponseCodec.createException(W3CHttpResponseCodec.java:200)
	at org.openqa.selenium.remote.codec.w3c.W3CHttpResponseCodec.decode(W3CHttpResponseCodec.java:133)
	at org.openqa.selenium.remote.codec.w3c.W3CHttpResponseCodec.decode(W3CHttpResponseCodec.java:53)
	at org.openqa.selenium.remote.HttpCommandExecutor.execute(HttpCommandExecutor.java:184)
	at org.openqa.selenium.remote.service.DriverCommandExecutor.invokeExecute(DriverCommandExecutor.java:167)
	at org.openqa.selenium.remote.service.DriverCommandExecutor.execute(DriverCommandExecutor.java:142)
	at org.openqa.selenium.remote.RemoteWebDriver.execute(RemoteWebDriver.java:541)
	at org.openqa.selenium.remote.ElementLocation$ElementFinder$2.findElement(ElementLocation.java:162)
	at org.openqa.selenium.remote.ElementLocation.findElement(ElementLocation.java:60)
	at org.openqa.selenium.remote.RemoteWebDriver.findElement(RemoteWebDriver.java:365)
	at org.openqa.selenium.remote.RemoteWebDriver.findElement(RemoteWebDriver.java:357)
	at org.openqa.selenium.support.pagefactory.DefaultElementLocator.findElement(DefaultElementLocator.java:70)
	at org.openqa.selenium.support.pagefactory.internal.LocatingElementHandler.invoke(LocatingElementHandler.java:39)
	at com.sun.proxy.$Proxy15.click(Unknown Source)
	at com.nopcommerce.demo.utility.Utility.clickOnElement(Utility.java:51)
	at com.nopcommerce.demo.pages.RegisterPage.fillAllMandatoryField(RegisterPage.java:57)
	at com.nopcommerce.demo.testsuit.RegisterMenuTest.verifyUserShouldRegister(RegisterMenuTest.java:20)
	at java.util.ArrayList.forEach(ArrayList.java:1249)
	at com.intellij.rt.testng.IDEARemoteTestNG.run(IDEARemoteTestNG.java:66)
	at com.intellij.rt.testng.RemoteTestNGStarter.main(RemoteTestNGStarter.java:109)
... Removed 28 stack frames</div></td></tr></table><p class="totop"><a href="#summary">back to summary</a></p>
<h3 id="m2">com.nopcommerce.demo.testsuit.TopMenuTest#userShouldNavigateToComputerPageSuccessfully</h3><table class="result"><tr><th>Messages</th></tr><tr><td><div class="messages">click on computer page[[ChromeDriver: chrome on WINDOWS (6b5196dc633d912c11b53fe14a109dbe)] -> link text: Computers]<br/>Get text from computer page[[ChromeDriver: chrome on WINDOWS (6b5196dc633d912c11b53fe14a109dbe)] -> link text: Computers]<br/>Click to see screenshot<br/><a target = "_blank" href=C:\Users\viral\IdeaProjects\nopcommerce-pagefactory/test-output/html/userShouldNavigateToComputerPageSuccessfullyWed_Dec_14_00_25_35_GMT_2022.jpg>Screenshot</a><br/><br><br/><br><br/><a target = "_blank" href=C:\Users\viral\IdeaProjects\nopcommerce-pagefactory/test-output/html/userShouldNavigateToComputerPageSuccessfullyWed_Dec_14_00_25_35_GMT_2022.jpg><img src=C:\Users\viral\IdeaProjects\nopcommerce-pagefactory/test-output/html/userShouldNavigateToComputerPageSuccessfullyWed_Dec_14_00_25_35_GMT_2022.jpg height=200 width=200></img></a></div></td></tr><tr><th>Exception</th></tr><tr><td><div class="stacktrace">org.openqa.selenium.StaleElementReferenceException: stale element reference: element is not attached to the page document
  (Session info: chrome=108.0.5359.99)
For documentation on this error, please visit: https://selenium.dev/exceptions/#stale_element_reference
Build info: version: &apos;4.6.0&apos;, revision: &apos;79f1c02ae20&apos;
System info: os.name: &apos;Windows 10&apos;, os.arch: &apos;amd64&apos;, os.version: &apos;10.0&apos;, java.version: &apos;1.8.0_121&apos;
Driver info: org.openqa.selenium.chrome.ChromeDriver
Command: [6b5196dc633d912c11b53fe14a109dbe, getElementText {id=733dd9d9-3080-4b0d-a9ae-a847a87cedfa}]
Capabilities {acceptInsecureCerts: false, browserName: chrome, browserVersion: 108.0.5359.99, chrome: {chromedriverVersion: 108.0.5359.71 (1e0e3868ee06..., userDataDir: C:\Users\viral\AppData\Loca...}, goog:chromeOptions: {debuggerAddress: localhost:55311}, networkConnectionEnabled: false, pageLoadStrategy: normal, platformName: WINDOWS, proxy: Proxy(), se:cdp: ws://localhost:55311/devtoo..., se:cdpVersion: 108.0.5359.99, setWindowRect: true, strictFileInteractability: false, timeouts: {implicit: 0, pageLoad: 300000, script: 30000}, unhandledPromptBehavior: dismiss and notify, webauthn:extension:credBlob: true, webauthn:extension:largeBlob: true, webauthn:virtualAuthenticators: true}
Element: [[ChromeDriver: chrome on WINDOWS (6b5196dc633d912c11b53fe14a109dbe)] -&gt; link text: Computers]
Session ID: 6b5196dc633d912c11b53fe14a109dbe
	at org.openqa.selenium.remote.codec.w3c.W3CHttpResponseCodec.createException(W3CHttpResponseCodec.java:200)
	at org.openqa.selenium.remote.codec.w3c.W3CHttpResponseCodec.decode(W3CHttpResponseCodec.java:133)
	at org.openqa.selenium.remote.codec.w3c.W3CHttpResponseCodec.decode(W3CHttpResponseCodec.java:53)
	at org.openqa.selenium.remote.HttpCommandExecutor.execute(HttpCommandExecutor.java:184)
	at org.openqa.selenium.remote.service.DriverCommandExecutor.invokeExecute(DriverCommandExecutor.java:167)
	at org.openqa.selenium.remote.service.DriverCommandExecutor.execute(DriverCommandExecutor.java:142)
	at org.openqa.selenium.remote.RemoteWebDriver.execute(RemoteWebDriver.java:541)
	at org.openqa.selenium.remote.RemoteWebElement.execute(RemoteWebElement.java:257)
	at org.openqa.selenium.remote.RemoteWebElement.getText(RemoteWebElement.java:207)
	at org.openqa.selenium.support.pagefactory.internal.LocatingElementHandler.invoke(LocatingElementHandler.java:52)
	at com.sun.proxy.$Proxy15.getText(Unknown Source)
	at com.nopcommerce.demo.utility.Utility.getTextFromElement(Utility.java:62)
	at com.nopcommerce.demo.pages.ComputerPage.getStringComputer(ComputerPage.java:184)
	at com.nopcommerce.demo.testsuit.TopMenuTest.userShouldNavigateToComputerPageSuccessfully(TopMenuTest.java:38)
	at java.util.ArrayList.forEach(ArrayList.java:1249)
	at com.intellij.rt.testng.IDEARemoteTestNG.run(IDEARemoteTestNG.java:66)
	at com.intellij.rt.testng.RemoteTestNGStarter.main(RemoteTestNGStarter.java:109)
... Removed 32 stack frames</div></td></tr></table><p class="totop"><a href="#summary">back to summary</a></p>
<h3 id="m3">com.nopcommerce.demo.testsuit.LoginTest#verifyErrorMessageWithInvalidCredential</h3><table class="result"><tr><th>Messages</th></tr><tr><td><div class="messages">click on login link[[ChromeDriver: chrome on WINDOWS (0950250e770515e76900842c12811602)] -> link text: Log in]<br/>enter email [[ChromeDriver: chrome on WINDOWS (0950250e770515e76900842c12811602)] -> id: Email]<br/>enter password [[ChromeDriver: chrome on WINDOWS (0950250e770515e76900842c12811602)] -> name: Password]<br/>click on login button[[ChromeDriver: chrome on WINDOWS (0950250e770515e76900842c12811602)] -> xpath: //button[contains(text(),'Log in')]]<br/>verify error message[[ChromeDriver: chrome on WINDOWS (0950250e770515e76900842c12811602)] -> xpath: //div[@class='message-error validation-summary-errors']]</div></td></tr></table><p class="totop"><a href="#summary">back to summary</a></p>
</body>
</html>
