<?xml version="1.0" encoding="UTF-8"?>
<testng-results skipped="0" failed="3" ignored="11" total="15" passed="1">
  <reporter-output>
    <line>
      <![CDATA[mouse hover to electronic page[[ChromeDriver: chrome on WINDOWS (259bf754f7ba3046433b48aa204671fa)] -> link text: Electronics]]]>
    </line>
    <line>
      <![CDATA[click on cell phone page[[ChromeDriver: chrome on WINDOWS (259bf754f7ba3046433b48aa204671fa)] -> link text: Cell phones]]]>
    </line>
    <line>
      <![CDATA[get text from cell phone[[ChromeDriver: chrome on WINDOWS (259bf754f7ba3046433b48aa204671fa)] -> xpath: //h1[contains(text(),'Cell phones')]]]]>
    </line>
    <line>
      <![CDATA[click on list [[ChromeDriver: chrome on WINDOWS (259bf754f7ba3046433b48aa204671fa)] -> xpath: //a[contains(text(),'List')]]]]>
    </line>
    <line>
      <![CDATA[click o nokia lumia[[ChromeDriver: chrome on WINDOWS (259bf754f7ba3046433b48aa204671fa)] -> link text: Nokia Lumia 1020]]]>
    </line>
    <line>
      <![CDATA[verify text nokia lumia[[ChromeDriver: chrome on WINDOWS (259bf754f7ba3046433b48aa204671fa)] -> xpath: //h1[contains(text(),'Nokia Lumia 1020')]]]]>
    </line>
    <line>
      <![CDATA[get text from electronic page[[ChromeDriver: chrome on WINDOWS (259bf754f7ba3046433b48aa204671fa)] -> link text: Electronics]]]>
    </line>
    <line>
      <![CDATA[update qty[[ChromeDriver: chrome on WINDOWS (259bf754f7ba3046433b48aa204671fa)] -> id: product_enteredQuantity_20]]]>
    </line>
    <line>
      <![CDATA[click on add to cart[[ChromeDriver: chrome on WINDOWS (259bf754f7ba3046433b48aa204671fa)] -> id: add-to-cart-button-20]]]>
    </line>
    <line>
      <![CDATA[click on close message bar[[ChromeDriver: chrome on WINDOWS (259bf754f7ba3046433b48aa204671fa)] -> xpath: //span[@class='close']]]]>
    </line>
    <line>
      <![CDATA[click on go cart[[ChromeDriver: chrome on WINDOWS (259bf754f7ba3046433b48aa204671fa)] -> xpath: //button[contains(text(),'Go to cart')]]]]>
    </line>
    <line>
      <![CDATA[verify price[[ChromeDriver: chrome on WINDOWS (259bf754f7ba3046433b48aa204671fa)] -> xpath: //span[@class='value-summary']/strong]]]>
    </line>
    <line>
      <![CDATA[accept terms and condition[[ChromeDriver: chrome on WINDOWS (259bf754f7ba3046433b48aa204671fa)] -> id: termsofservice]]]>
    </line>
    <line>
      <![CDATA[click on Checkout[[ChromeDriver: chrome on WINDOWS (259bf754f7ba3046433b48aa204671fa)] -> id: checkout]]]>
    </line>
    <line>
      <![CDATA[verify welcome sign in message[[ChromeDriver: chrome on WINDOWS (259bf754f7ba3046433b48aa204671fa)] -> xpath: //h1[contains(text(),'Welcome, Please Sign In!')]]]]>
    </line>
    <line>
      <![CDATA[click on register link[[ChromeDriver: chrome on WINDOWS (259bf754f7ba3046433b48aa204671fa)] -> xpath: //button[contains(text(),'Register')]]]]>
    </line>
    <line>
      <![CDATA[Click on gender[[ChromeDriver: chrome on WINDOWS (259bf754f7ba3046433b48aa204671fa)] -> id: gender-male]]]>
    </line>
    <line>
      <![CDATA[enter first name[[ChromeDriver: chrome on WINDOWS (259bf754f7ba3046433b48aa204671fa)] -> id: FirstName]]]>
    </line>
    <line>
      <![CDATA[enter last Name[[ChromeDriver: chrome on WINDOWS (259bf754f7ba3046433b48aa204671fa)] -> id: LastName]]]>
    </line>
    <line>
      <![CDATA[select birth day[[ChromeDriver: chrome on WINDOWS (259bf754f7ba3046433b48aa204671fa)] -> xpath: //select[@name='DateOfBirthDay']]]]>
    </line>
    <line>
      <![CDATA[select birth month[[ChromeDriver: chrome on WINDOWS (259bf754f7ba3046433b48aa204671fa)] -> xpath: //select[@name='DateOfBirthMonth']]]]>
    </line>
    <line>
      <![CDATA[select birth Year[[ChromeDriver: chrome on WINDOWS (259bf754f7ba3046433b48aa204671fa)] -> xpath: //select[@name='DateOfBirthYear']]]]>
    </line>
    <line>
      <![CDATA[enter email id[[ChromeDriver: chrome on WINDOWS (259bf754f7ba3046433b48aa204671fa)] -> id: Email]]]>
    </line>
    <line>
      <![CDATA[enter company name[[ChromeDriver: chrome on WINDOWS (259bf754f7ba3046433b48aa204671fa)] -> id: Company]]]>
    </line>
    <line>
      <![CDATA[enter password[[ChromeDriver: chrome on WINDOWS (259bf754f7ba3046433b48aa204671fa)] -> id: Password]]]>
    </line>
    <line>
      <![CDATA[enter confirm password[[ChromeDriver: chrome on WINDOWS (259bf754f7ba3046433b48aa204671fa)] -> id: ConfirmPassword]]]>
    </line>
    <line>
      <![CDATA[click on register link[[ChromeDriver: chrome on WINDOWS (259bf754f7ba3046433b48aa204671fa)] -> id: register-button]]]>
    </line>
    <line>
      <![CDATA[verify register complete[[ChromeDriver: chrome on WINDOWS (259bf754f7ba3046433b48aa204671fa)] -> xpath: //div[@class='result']]]]>
    </line>
    <line>
      <![CDATA[click on continue after register complete[[ChromeDriver: chrome on WINDOWS (259bf754f7ba3046433b48aa204671fa)] -> xpath: //div[@class='buttons']/a]]]>
    </line>
    <line>
      <![CDATA[verify shopping cart[[ChromeDriver: chrome on WINDOWS (259bf754f7ba3046433b48aa204671fa)] -> xpath: //h1[contains(text(),'Shopping cart')]]]]>
    </line>
    <line>
      <![CDATA[click on terms and condition[[ChromeDriver: chrome on WINDOWS (259bf754f7ba3046433b48aa204671fa)] -> id: termsofservice]]]>
    </line>
    <line>
      <![CDATA[click on check out[[ChromeDriver: chrome on WINDOWS (259bf754f7ba3046433b48aa204671fa)] -> id: checkout]]]>
    </line>
    <line>
      <![CDATA[Mandatory name [[ChromeDriver: chrome on WINDOWS (259bf754f7ba3046433b48aa204671fa)] -> id: BillingNewAddress_FirstName]]]>
    </line>
    <line>
      <![CDATA[Mandatory  LAst name [[ChromeDriver: chrome on WINDOWS (259bf754f7ba3046433b48aa204671fa)] -> id: BillingNewAddress_LastName]]]>
    </line>
    <line>
      <![CDATA[Mandatory Email [[ChromeDriver: chrome on WINDOWS (259bf754f7ba3046433b48aa204671fa)] -> id: BillingNewAddress_Email]]]>
    </line>
    <line>
      <![CDATA[Mandatory Country[[ChromeDriver: chrome on WINDOWS (259bf754f7ba3046433b48aa204671fa)] -> id: BillingNewAddress_CountryId]]]>
    </line>
    <line>
      <![CDATA[Mandatory State [[ChromeDriver: chrome on WINDOWS (259bf754f7ba3046433b48aa204671fa)] -> id: BillingNewAddress_StateProvinceId]]]>
    </line>
    <line>
      <![CDATA[Mandatory City [[ChromeDriver: chrome on WINDOWS (259bf754f7ba3046433b48aa204671fa)] -> id: BillingNewAddress_City]]]>
    </line>
    <line>
      <![CDATA[Mandatory Address[[ChromeDriver: chrome on WINDOWS (259bf754f7ba3046433b48aa204671fa)] -> xpath: //input[@id='BillingNewAddress_Address1']]]]>
    </line>
    <line>
      <![CDATA[Mandatory Postal Code[[ChromeDriver: chrome on WINDOWS (259bf754f7ba3046433b48aa204671fa)] -> id: BillingNewAddress_ZipPostalCode]]]>
    </line>
    <line>
      <![CDATA[Mandatory Phone number [[ChromeDriver: chrome on WINDOWS (259bf754f7ba3046433b48aa204671fa)] -> id: BillingNewAddress_PhoneNumber]]]>
    </line>
    <line>
      <![CDATA[Click on continue Proxy element for: DefaultElementLocator 'By.name: BillingNewAddress_PhoneNumber']]>
    </line>
    <line>
      <![CDATA[Click to see screenshot]]>
    </line>
    <line>
      <![CDATA[<a target = "_blank" href=C:\Users\viral\IdeaProjects\nopcommerce-pagefactory/test-output/html/verifyThatTheProductAddedSuccessfullyAndPlaceOrderSuccessfullyWed_Dec_14_00_24_22_GMT_2022.jpg>Screenshot</a>]]>
    </line>
    <line>
      <![CDATA[<br>]]>
    </line>
    <line>
      <![CDATA[<br>]]>
    </line>
    <line>
      <![CDATA[<a target = "_blank" href=C:\Users\viral\IdeaProjects\nopcommerce-pagefactory/test-output/html/verifyThatTheProductAddedSuccessfullyAndPlaceOrderSuccessfullyWed_Dec_14_00_24_22_GMT_2022.jpg><img src=C:\Users\viral\IdeaProjects\nopcommerce-pagefactory/test-output/html/verifyThatTheProductAddedSuccessfullyAndPlaceOrderSuccessfullyWed_Dec_14_00_24_22_GMT_2022.jpg height=200 width=200></img></a>]]>
    </line>
    <line>
      <![CDATA[click on login link[[ChromeDriver: chrome on WINDOWS (0950250e770515e76900842c12811602)] -> link text: Log in]]]>
    </line>
    <line>
      <![CDATA[enter email [[ChromeDriver: chrome on WINDOWS (0950250e770515e76900842c12811602)] -> id: Email]]]>
    </line>
    <line>
      <![CDATA[enter password [[ChromeDriver: chrome on WINDOWS (0950250e770515e76900842c12811602)] -> name: Password]]]>
    </line>
    <line>
      <![CDATA[click on login button[[ChromeDriver: chrome on WINDOWS (0950250e770515e76900842c12811602)] -> xpath: //button[contains(text(),'Log in')]]]]>
    </line>
    <line>
      <![CDATA[verify error message[[ChromeDriver: chrome on WINDOWS (0950250e770515e76900842c12811602)] -> xpath: //div[@class='message-error validation-summary-errors']]]]>
    </line>
    <line>
      <![CDATA[Click on genderProxy element for: DefaultElementLocator 'By.id: gender-male']]>
    </line>
    <line>
      <![CDATA[Click to see screenshot]]>
    </line>
    <line>
      <![CDATA[<a target = "_blank" href=C:\Users\viral\IdeaProjects\nopcommerce-pagefactory/test-output/html/verifyUserShouldRegisterWed_Dec_14_00_25_31_GMT_2022.jpg>Screenshot</a>]]>
    </line>
    <line>
      <![CDATA[<br>]]>
    </line>
    <line>
      <![CDATA[<br>]]>
    </line>
    <line>
      <![CDATA[<a target = "_blank" href=C:\Users\viral\IdeaProjects\nopcommerce-pagefactory/test-output/html/verifyUserShouldRegisterWed_Dec_14_00_25_31_GMT_2022.jpg><img src=C:\Users\viral\IdeaProjects\nopcommerce-pagefactory/test-output/html/verifyUserShouldRegisterWed_Dec_14_00_25_31_GMT_2022.jpg height=200 width=200></img></a>]]>
    </line>
    <line>
      <![CDATA[click on computer page[[ChromeDriver: chrome on WINDOWS (6b5196dc633d912c11b53fe14a109dbe)] -> link text: Computers]]]>
    </line>
    <line>
      <![CDATA[Get text from computer page[[ChromeDriver: chrome on WINDOWS (6b5196dc633d912c11b53fe14a109dbe)] -> link text: Computers]]]>
    </line>
    <line>
      <![CDATA[Click to see screenshot]]>
    </line>
    <line>
      <![CDATA[<a target = "_blank" href=C:\Users\viral\IdeaProjects\nopcommerce-pagefactory/test-output/html/userShouldNavigateToComputerPageSuccessfullyWed_Dec_14_00_25_35_GMT_2022.jpg>Screenshot</a>]]>
    </line>
    <line>
      <![CDATA[<br>]]>
    </line>
    <line>
      <![CDATA[<br>]]>
    </line>
    <line>
      <![CDATA[<a target = "_blank" href=C:\Users\viral\IdeaProjects\nopcommerce-pagefactory/test-output/html/userShouldNavigateToComputerPageSuccessfullyWed_Dec_14_00_25_35_GMT_2022.jpg><img src=C:\Users\viral\IdeaProjects\nopcommerce-pagefactory/test-output/html/userShouldNavigateToComputerPageSuccessfullyWed_Dec_14_00_25_35_GMT_2022.jpg height=200 width=200></img></a>]]>
    </line>
  </reporter-output>
  <suite name="smoke suit" duration-ms="148385" started-at="2022-12-14T00:23:07 GMT" finished-at="2022-12-14T00:25:36 GMT">
    <groups>
      <group name="regression">
        <method signature="ElectronicTest.verifyThatTheProductAddedSuccessfullyAndPlaceOrderSuccessfully()[pri:0, instance:com.nopcommerce.demo.testsuit.ElectronicTest@543788f3]" name="verifyThatTheProductAddedSuccessfullyAndPlaceOrderSuccessfully" class="com.nopcommerce.demo.testsuit.ElectronicTest"/>
        <method signature="LoginTest.verifyErrorMessageWithInvalidCredential()[pri:0, instance:com.nopcommerce.demo.testsuit.LoginTest@6d3af739]" name="verifyErrorMessageWithInvalidCredential" class="com.nopcommerce.demo.testsuit.LoginTest"/>
        <method signature="RegisterMenuTest.verifyUserShouldRegister()[pri:0, instance:com.nopcommerce.demo.testsuit.RegisterMenuTest@1da51a35]" name="verifyUserShouldRegister" class="com.nopcommerce.demo.testsuit.RegisterMenuTest"/>
        <method signature="TopMenuTest.userShouldNavigateToComputerPageSuccessfully()[pri:0, instance:com.nopcommerce.demo.testsuit.TopMenuTest@16022d9d]" name="userShouldNavigateToComputerPageSuccessfully" class="com.nopcommerce.demo.testsuit.TopMenuTest"/>
      </group> <!-- regression -->
      <group name="smoke">
        <method signature="ElectronicTest.verifyThatTheProductAddedSuccessfullyAndPlaceOrderSuccessfully()[pri:0, instance:com.nopcommerce.demo.testsuit.ElectronicTest@543788f3]" name="verifyThatTheProductAddedSuccessfullyAndPlaceOrderSuccessfully" class="com.nopcommerce.demo.testsuit.ElectronicTest"/>
        <method signature="LoginTest.verifyErrorMessageWithInvalidCredential()[pri:0, instance:com.nopcommerce.demo.testsuit.LoginTest@6d3af739]" name="verifyErrorMessageWithInvalidCredential" class="com.nopcommerce.demo.testsuit.LoginTest"/>
        <method signature="RegisterMenuTest.verifyUserShouldRegister()[pri:0, instance:com.nopcommerce.demo.testsuit.RegisterMenuTest@1da51a35]" name="verifyUserShouldRegister" class="com.nopcommerce.demo.testsuit.RegisterMenuTest"/>
        <method signature="TopMenuTest.userShouldNavigateToComputerPageSuccessfully()[pri:0, instance:com.nopcommerce.demo.testsuit.TopMenuTest@16022d9d]" name="userShouldNavigateToComputerPageSuccessfully" class="com.nopcommerce.demo.testsuit.TopMenuTest"/>
      </group> <!-- smoke -->
    </groups>
    <test name="smoke Test" duration-ms="148385" started-at="2022-12-14T00:23:07 GMT" finished-at="2022-12-14T00:25:36 GMT">
      <class name="com.nopcommerce.demo.testsuit.ElectronicTest">
        <test-method status="PASS" signature="setUp()[pri:0, instance:com.nopcommerce.demo.testsuit.ElectronicTest@543788f3]" name="setUp" is-config="true" duration-ms="3996" started-at="2022-12-14T00:23:08 GMT" finished-at="2022-12-14T00:23:12 GMT">
          <reporter-output>
          </reporter-output>
        </test-method> <!-- setUp -->
        <test-method status="PASS" signature="inIt()[pri:0, instance:com.nopcommerce.demo.testsuit.ElectronicTest@543788f3]" name="inIt" is-config="true" duration-ms="66" started-at="2022-12-14T00:23:12 GMT" finished-at="2022-12-14T00:23:12 GMT">
          <reporter-output>
          </reporter-output>
        </test-method> <!-- inIt -->
        <test-method status="FAIL" signature="verifyThatTheProductAddedSuccessfullyAndPlaceOrderSuccessfully()[pri:0, instance:com.nopcommerce.demo.testsuit.ElectronicTest@543788f3]" name="verifyThatTheProductAddedSuccessfullyAndPlaceOrderSuccessfully" duration-ms="70368" started-at="2022-12-14T00:23:12 GMT" finished-at="2022-12-14T00:24:22 GMT">
          <exception class="org.openqa.selenium.NoSuchElementException">
            <message>
              <![CDATA[no such element: Unable to locate element: {"method":"css selector","selector":"*[name='BillingNewAddress_PhoneNumber']"}
  (Session info: chrome=108.0.5359.99)
For documentation on this error, please visit: https://selenium.dev/exceptions/#no_such_element
Build info: version: '4.6.0', revision: '79f1c02ae20'
System info: os.name: 'Windows 10', os.arch: 'amd64', os.version: '10.0', java.version: '1.8.0_121'
Driver info: org.openqa.selenium.chrome.ChromeDriver
Command: [259bf754f7ba3046433b48aa204671fa, findElement {using=name, value=BillingNewAddress_PhoneNumber}]
Capabilities {acceptInsecureCerts: false, browserName: chrome, browserVersion: 108.0.5359.99, chrome: {chromedriverVersion: 108.0.5359.71 (1e0e3868ee06..., userDataDir: C:\Users\viral\AppData\Loca...}, goog:chromeOptions: {debuggerAddress: localhost:55165}, networkConnectionEnabled: false, pageLoadStrategy: normal, platformName: WINDOWS, proxy: Proxy(), se:cdp: ws://localhost:55165/devtoo..., se:cdpVersion: 108.0.5359.99, setWindowRect: true, strictFileInteractability: false, timeouts: {implicit: 0, pageLoad: 300000, script: 30000}, unhandledPromptBehavior: dismiss and notify, webauthn:extension:credBlob: true, webauthn:extension:largeBlob: true, webauthn:virtualAuthenticators: true}
Session ID: 259bf754f7ba3046433b48aa204671fa]]>
            </message>
            <full-stacktrace>
              <![CDATA[org.openqa.selenium.NoSuchElementException: no such element: Unable to locate element: {"method":"css selector","selector":"*[name='BillingNewAddress_PhoneNumber']"}
  (Session info: chrome=108.0.5359.99)
For documentation on this error, please visit: https://selenium.dev/exceptions/#no_such_element
Build info: version: '4.6.0', revision: '79f1c02ae20'
System info: os.name: 'Windows 10', os.arch: 'amd64', os.version: '10.0', java.version: '1.8.0_121'
Driver info: org.openqa.selenium.chrome.ChromeDriver
Command: [259bf754f7ba3046433b48aa204671fa, findElement {using=name, value=BillingNewAddress_PhoneNumber}]
Capabilities {acceptInsecureCerts: false, browserName: chrome, browserVersion: 108.0.5359.99, chrome: {chromedriverVersion: 108.0.5359.71 (1e0e3868ee06..., userDataDir: C:\Users\viral\AppData\Loca...}, goog:chromeOptions: {debuggerAddress: localhost:55165}, networkConnectionEnabled: false, pageLoadStrategy: normal, platformName: WINDOWS, proxy: Proxy(), se:cdp: ws://localhost:55165/devtoo..., se:cdpVersion: 108.0.5359.99, setWindowRect: true, strictFileInteractability: false, timeouts: {implicit: 0, pageLoad: 300000, script: 30000}, unhandledPromptBehavior: dismiss and notify, webauthn:extension:credBlob: true, webauthn:extension:largeBlob: true, webauthn:virtualAuthenticators: true}
Session ID: 259bf754f7ba3046433b48aa204671fa
at sun.reflect.NativeConstructorAccessorImpl.newInstance0(Native Method)
at sun.reflect.NativeConstructorAccessorImpl.newInstance(NativeConstructorAccessorImpl.java:62)
at sun.reflect.DelegatingConstructorAccessorImpl.newInstance(DelegatingConstructorAccessorImpl.java:45)
at java.lang.reflect.Constructor.newInstance(Constructor.java:423)
at org.openqa.selenium.remote.codec.w3c.W3CHttpResponseCodec.createException(W3CHttpResponseCodec.java:200)
at org.openqa.selenium.remote.codec.w3c.W3CHttpResponseCodec.decode(W3CHttpResponseCodec.java:133)
at org.openqa.selenium.remote.codec.w3c.W3CHttpResponseCodec.decode(W3CHttpResponseCodec.java:53)
at org.openqa.selenium.remote.HttpCommandExecutor.execute(HttpCommandExecutor.java:184)
at org.openqa.selenium.remote.service.DriverCommandExecutor.invokeExecute(DriverCommandExecutor.java:167)
at org.openqa.selenium.remote.service.DriverCommandExecutor.execute(DriverCommandExecutor.java:142)
at org.openqa.selenium.remote.RemoteWebDriver.execute(RemoteWebDriver.java:541)
at org.openqa.selenium.remote.ElementLocation$ElementFinder$2.findElement(ElementLocation.java:162)
at org.openqa.selenium.remote.ElementLocation.findElement(ElementLocation.java:60)
at org.openqa.selenium.remote.RemoteWebDriver.findElement(RemoteWebDriver.java:365)
at org.openqa.selenium.remote.RemoteWebDriver.findElement(RemoteWebDriver.java:357)
at org.openqa.selenium.support.pagefactory.DefaultElementLocator.findElement(DefaultElementLocator.java:70)
at org.openqa.selenium.support.pagefactory.internal.LocatingElementHandler.invoke(LocatingElementHandler.java:39)
at com.sun.proxy.$Proxy15.click(Unknown Source)
at com.nopcommerce.demo.utility.Utility.clickOnElement(Utility.java:51)
at com.nopcommerce.demo.pages.ComputerPage.fillAllMandatoryField(ComputerPage.java:387)
at com.nopcommerce.demo.testsuit.ElectronicTest.verifyThatTheProductAddedSuccessfullyAndPlaceOrderSuccessfully(ElectronicTest.java:47)
at sun.reflect.NativeMethodAccessorImpl.invoke0(Native Method)
at sun.reflect.NativeMethodAccessorImpl.invoke(NativeMethodAccessorImpl.java:62)
at sun.reflect.DelegatingMethodAccessorImpl.invoke(DelegatingMethodAccessorImpl.java:43)
at java.lang.reflect.Method.invoke(Method.java:498)
at org.testng.internal.invokers.MethodInvocationHelper.invokeMethod(MethodInvocationHelper.java:135)
at org.testng.internal.invokers.TestInvoker.invokeMethod(TestInvoker.java:673)
at org.testng.internal.invokers.TestInvoker.invokeTestMethod(TestInvoker.java:220)
at org.testng.internal.invokers.MethodRunner.runInSequence(MethodRunner.java:50)
at org.testng.internal.invokers.TestInvoker$MethodInvocationAgent.invoke(TestInvoker.java:945)
at org.testng.internal.invokers.TestInvoker.invokeTestMethods(TestInvoker.java:193)
at org.testng.internal.invokers.TestMethodWorker.invokeTestMethods(TestMethodWorker.java:146)
at org.testng.internal.invokers.TestMethodWorker.run(TestMethodWorker.java:128)
at java.util.ArrayList.forEach(ArrayList.java:1249)
at org.testng.TestRunner.privateRun(TestRunner.java:808)
at org.testng.TestRunner.run(TestRunner.java:603)
at org.testng.SuiteRunner.runTest(SuiteRunner.java:429)
at org.testng.SuiteRunner.runSequentially(SuiteRunner.java:423)
at org.testng.SuiteRunner.privateRun(SuiteRunner.java:383)
at org.testng.SuiteRunner.run(SuiteRunner.java:326)
at org.testng.SuiteRunnerWorker.runSuite(SuiteRunnerWorker.java:52)
at org.testng.SuiteRunnerWorker.run(SuiteRunnerWorker.java:95)
at org.testng.TestNG.runSuitesSequentially(TestNG.java:1249)
at org.testng.TestNG.runSuitesLocally(TestNG.java:1169)
at org.testng.TestNG.runSuites(TestNG.java:1092)
at org.testng.TestNG.run(TestNG.java:1060)
at com.intellij.rt.testng.IDEARemoteTestNG.run(IDEARemoteTestNG.java:66)
at com.intellij.rt.testng.RemoteTestNGStarter.main(RemoteTestNGStarter.java:109)
]]>
            </full-stacktrace>
          </exception> <!-- org.openqa.selenium.NoSuchElementException -->
          <reporter-output>
            <line>
              <![CDATA[mouse hover to electronic page[[ChromeDriver: chrome on WINDOWS (259bf754f7ba3046433b48aa204671fa)] -> link text: Electronics]]]>
            </line>
            <line>
              <![CDATA[click on cell phone page[[ChromeDriver: chrome on WINDOWS (259bf754f7ba3046433b48aa204671fa)] -> link text: Cell phones]]]>
            </line>
            <line>
              <![CDATA[get text from cell phone[[ChromeDriver: chrome on WINDOWS (259bf754f7ba3046433b48aa204671fa)] -> xpath: //h1[contains(text(),'Cell phones')]]]]>
            </line>
            <line>
              <![CDATA[click on list [[ChromeDriver: chrome on WINDOWS (259bf754f7ba3046433b48aa204671fa)] -> xpath: //a[contains(text(),'List')]]]]>
            </line>
            <line>
              <![CDATA[click o nokia lumia[[ChromeDriver: chrome on WINDOWS (259bf754f7ba3046433b48aa204671fa)] -> link text: Nokia Lumia 1020]]]>
            </line>
            <line>
              <![CDATA[verify text nokia lumia[[ChromeDriver: chrome on WINDOWS (259bf754f7ba3046433b48aa204671fa)] -> xpath: //h1[contains(text(),'Nokia Lumia 1020')]]]]>
            </line>
            <line>
              <![CDATA[get text from electronic page[[ChromeDriver: chrome on WINDOWS (259bf754f7ba3046433b48aa204671fa)] -> link text: Electronics]]]>
            </line>
            <line>
              <![CDATA[update qty[[ChromeDriver: chrome on WINDOWS (259bf754f7ba3046433b48aa204671fa)] -> id: product_enteredQuantity_20]]]>
            </line>
            <line>
              <![CDATA[click on add to cart[[ChromeDriver: chrome on WINDOWS (259bf754f7ba3046433b48aa204671fa)] -> id: add-to-cart-button-20]]]>
            </line>
            <line>
              <![CDATA[click on close message bar[[ChromeDriver: chrome on WINDOWS (259bf754f7ba3046433b48aa204671fa)] -> xpath: //span[@class='close']]]]>
            </line>
            <line>
              <![CDATA[click on go cart[[ChromeDriver: chrome on WINDOWS (259bf754f7ba3046433b48aa204671fa)] -> xpath: //button[contains(text(),'Go to cart')]]]]>
            </line>
            <line>
              <![CDATA[verify price[[ChromeDriver: chrome on WINDOWS (259bf754f7ba3046433b48aa204671fa)] -> xpath: //span[@class='value-summary']/strong]]]>
            </line>
            <line>
              <![CDATA[accept terms and condition[[ChromeDriver: chrome on WINDOWS (259bf754f7ba3046433b48aa204671fa)] -> id: termsofservice]]]>
            </line>
            <line>
              <![CDATA[click on Checkout[[ChromeDriver: chrome on WINDOWS (259bf754f7ba3046433b48aa204671fa)] -> id: checkout]]]>
            </line>
            <line>
              <![CDATA[verify welcome sign in message[[ChromeDriver: chrome on WINDOWS (259bf754f7ba3046433b48aa204671fa)] -> xpath: //h1[contains(text(),'Welcome, Please Sign In!')]]]]>
            </line>
            <line>
              <![CDATA[click on register link[[ChromeDriver: chrome on WINDOWS (259bf754f7ba3046433b48aa204671fa)] -> xpath: //button[contains(text(),'Register')]]]]>
            </line>
            <line>
              <![CDATA[Click on gender[[ChromeDriver: chrome on WINDOWS (259bf754f7ba3046433b48aa204671fa)] -> id: gender-male]]]>
            </line>
            <line>
              <![CDATA[enter first name[[ChromeDriver: chrome on WINDOWS (259bf754f7ba3046433b48aa204671fa)] -> id: FirstName]]]>
            </line>
            <line>
              <![CDATA[enter last Name[[ChromeDriver: chrome on WINDOWS (259bf754f7ba3046433b48aa204671fa)] -> id: LastName]]]>
            </line>
            <line>
              <![CDATA[select birth day[[ChromeDriver: chrome on WINDOWS (259bf754f7ba3046433b48aa204671fa)] -> xpath: //select[@name='DateOfBirthDay']]]]>
            </line>
            <line>
              <![CDATA[select birth month[[ChromeDriver: chrome on WINDOWS (259bf754f7ba3046433b48aa204671fa)] -> xpath: //select[@name='DateOfBirthMonth']]]]>
            </line>
            <line>
              <![CDATA[select birth Year[[ChromeDriver: chrome on WINDOWS (259bf754f7ba3046433b48aa204671fa)] -> xpath: //select[@name='DateOfBirthYear']]]]>
            </line>
            <line>
              <![CDATA[enter email id[[ChromeDriver: chrome on WINDOWS (259bf754f7ba3046433b48aa204671fa)] -> id: Email]]]>
            </line>
            <line>
              <![CDATA[enter company name[[ChromeDriver: chrome on WINDOWS (259bf754f7ba3046433b48aa204671fa)] -> id: Company]]]>
            </line>
            <line>
              <![CDATA[enter password[[ChromeDriver: chrome on WINDOWS (259bf754f7ba3046433b48aa204671fa)] -> id: Password]]]>
            </line>
            <line>
              <![CDATA[enter confirm password[[ChromeDriver: chrome on WINDOWS (259bf754f7ba3046433b48aa204671fa)] -> id: ConfirmPassword]]]>
            </line>
            <line>
              <![CDATA[click on register link[[ChromeDriver: chrome on WINDOWS (259bf754f7ba3046433b48aa204671fa)] -> id: register-button]]]>
            </line>
            <line>
              <![CDATA[verify register complete[[ChromeDriver: chrome on WINDOWS (259bf754f7ba3046433b48aa204671fa)] -> xpath: //div[@class='result']]]]>
            </line>
            <line>
              <![CDATA[click on continue after register complete[[ChromeDriver: chrome on WINDOWS (259bf754f7ba3046433b48aa204671fa)] -> xpath: //div[@class='buttons']/a]]]>
            </line>
            <line>
              <![CDATA[verify shopping cart[[ChromeDriver: chrome on WINDOWS (259bf754f7ba3046433b48aa204671fa)] -> xpath: //h1[contains(text(),'Shopping cart')]]]]>
            </line>
            <line>
              <![CDATA[click on terms and condition[[ChromeDriver: chrome on WINDOWS (259bf754f7ba3046433b48aa204671fa)] -> id: termsofservice]]]>
            </line>
            <line>
              <![CDATA[click on check out[[ChromeDriver: chrome on WINDOWS (259bf754f7ba3046433b48aa204671fa)] -> id: checkout]]]>
            </line>
            <line>
              <![CDATA[Mandatory name [[ChromeDriver: chrome on WINDOWS (259bf754f7ba3046433b48aa204671fa)] -> id: BillingNewAddress_FirstName]]]>
            </line>
            <line>
              <![CDATA[Mandatory  LAst name [[ChromeDriver: chrome on WINDOWS (259bf754f7ba3046433b48aa204671fa)] -> id: BillingNewAddress_LastName]]]>
            </line>
            <line>
              <![CDATA[Mandatory Email [[ChromeDriver: chrome on WINDOWS (259bf754f7ba3046433b48aa204671fa)] -> id: BillingNewAddress_Email]]]>
            </line>
            <line>
              <![CDATA[Mandatory Country[[ChromeDriver: chrome on WINDOWS (259bf754f7ba3046433b48aa204671fa)] -> id: BillingNewAddress_CountryId]]]>
            </line>
            <line>
              <![CDATA[Mandatory State [[ChromeDriver: chrome on WINDOWS (259bf754f7ba3046433b48aa204671fa)] -> id: BillingNewAddress_StateProvinceId]]]>
            </line>
            <line>
              <![CDATA[Mandatory City [[ChromeDriver: chrome on WINDOWS (259bf754f7ba3046433b48aa204671fa)] -> id: BillingNewAddress_City]]]>
            </line>
            <line>
              <![CDATA[Mandatory Address[[ChromeDriver: chrome on WINDOWS (259bf754f7ba3046433b48aa204671fa)] -> xpath: //input[@id='BillingNewAddress_Address1']]]]>
            </line>
            <line>
              <![CDATA[Mandatory Postal Code[[ChromeDriver: chrome on WINDOWS (259bf754f7ba3046433b48aa204671fa)] -> id: BillingNewAddress_ZipPostalCode]]]>
            </line>
            <line>
              <![CDATA[Mandatory Phone number [[ChromeDriver: chrome on WINDOWS (259bf754f7ba3046433b48aa204671fa)] -> id: BillingNewAddress_PhoneNumber]]]>
            </line>
            <line>
              <![CDATA[Click on continue Proxy element for: DefaultElementLocator 'By.name: BillingNewAddress_PhoneNumber']]>
            </line>
            <line>
              <![CDATA[Click to see screenshot]]>
            </line>
            <line>
              <![CDATA[<a target = "_blank" href=C:\Users\viral\IdeaProjects\nopcommerce-pagefactory/test-output/html/verifyThatTheProductAddedSuccessfullyAndPlaceOrderSuccessfullyWed_Dec_14_00_24_22_GMT_2022.jpg>Screenshot</a>]]>
            </line>
            <line>
              <![CDATA[<br>]]>
            </line>
            <line>
              <![CDATA[<br>]]>
            </line>
            <line>
              <![CDATA[<a target = "_blank" href=C:\Users\viral\IdeaProjects\nopcommerce-pagefactory/test-output/html/verifyThatTheProductAddedSuccessfullyAndPlaceOrderSuccessfullyWed_Dec_14_00_24_22_GMT_2022.jpg><img src=C:\Users\viral\IdeaProjects\nopcommerce-pagefactory/test-output/html/verifyThatTheProductAddedSuccessfullyAndPlaceOrderSuccessfullyWed_Dec_14_00_24_22_GMT_2022.jpg height=200 width=200></img></a>]]>
            </line>
          </reporter-output>
        </test-method> <!-- verifyThatTheProductAddedSuccessfullyAndPlaceOrderSuccessfully -->
        <test-method status="PASS" signature="tearDown()[pri:0, instance:com.nopcommerce.demo.testsuit.ElectronicTest@543788f3]" name="tearDown" is-config="true" duration-ms="695" started-at="2022-12-14T00:24:22 GMT" finished-at="2022-12-14T00:24:23 GMT">
          <reporter-output>
          </reporter-output>
        </test-method> <!-- tearDown -->
      </class> <!-- com.nopcommerce.demo.testsuit.ElectronicTest -->
      <class name="com.nopcommerce.demo.testsuit.TopMenuTest">
        <test-method status="PASS" signature="setUp()[pri:0, instance:com.nopcommerce.demo.testsuit.TopMenuTest@16022d9d]" name="setUp" is-config="true" duration-ms="2459" started-at="2022-12-14T00:25:31 GMT" finished-at="2022-12-14T00:25:34 GMT">
          <reporter-output>
          </reporter-output>
        </test-method> <!-- setUp -->
        <test-method status="PASS" signature="inIt()[pri:0, instance:com.nopcommerce.demo.testsuit.TopMenuTest@16022d9d]" name="inIt" is-config="true" duration-ms="17" started-at="2022-12-14T00:25:34 GMT" finished-at="2022-12-14T00:25:34 GMT">
          <reporter-output>
          </reporter-output>
        </test-method> <!-- inIt -->
        <test-method status="FAIL" signature="userShouldNavigateToComputerPageSuccessfully()[pri:0, instance:com.nopcommerce.demo.testsuit.TopMenuTest@16022d9d]" name="userShouldNavigateToComputerPageSuccessfully" duration-ms="903" started-at="2022-12-14T00:25:34 GMT" finished-at="2022-12-14T00:25:35 GMT">
          <exception class="org.openqa.selenium.StaleElementReferenceException">
            <message>
              <![CDATA[stale element reference: element is not attached to the page document
  (Session info: chrome=108.0.5359.99)
For documentation on this error, please visit: https://selenium.dev/exceptions/#stale_element_reference
Build info: version: '4.6.0', revision: '79f1c02ae20'
System info: os.name: 'Windows 10', os.arch: 'amd64', os.version: '10.0', java.version: '1.8.0_121'
Driver info: org.openqa.selenium.chrome.ChromeDriver
Command: [6b5196dc633d912c11b53fe14a109dbe, getElementText {id=733dd9d9-3080-4b0d-a9ae-a847a87cedfa}]
Capabilities {acceptInsecureCerts: false, browserName: chrome, browserVersion: 108.0.5359.99, chrome: {chromedriverVersion: 108.0.5359.71 (1e0e3868ee06..., userDataDir: C:\Users\viral\AppData\Loca...}, goog:chromeOptions: {debuggerAddress: localhost:55311}, networkConnectionEnabled: false, pageLoadStrategy: normal, platformName: WINDOWS, proxy: Proxy(), se:cdp: ws://localhost:55311/devtoo..., se:cdpVersion: 108.0.5359.99, setWindowRect: true, strictFileInteractability: false, timeouts: {implicit: 0, pageLoad: 300000, script: 30000}, unhandledPromptBehavior: dismiss and notify, webauthn:extension:credBlob: true, webauthn:extension:largeBlob: true, webauthn:virtualAuthenticators: true}
Element: [[ChromeDriver: chrome on WINDOWS (6b5196dc633d912c11b53fe14a109dbe)] -> link text: Computers]
Session ID: 6b5196dc633d912c11b53fe14a109dbe]]>
            </message>
            <full-stacktrace>
              <![CDATA[org.openqa.selenium.StaleElementReferenceException: stale element reference: element is not attached to the page document
  (Session info: chrome=108.0.5359.99)
For documentation on this error, please visit: https://selenium.dev/exceptions/#stale_element_reference
Build info: version: '4.6.0', revision: '79f1c02ae20'
System info: os.name: 'Windows 10', os.arch: 'amd64', os.version: '10.0', java.version: '1.8.0_121'
Driver info: org.openqa.selenium.chrome.ChromeDriver
Command: [6b5196dc633d912c11b53fe14a109dbe, getElementText {id=733dd9d9-3080-4b0d-a9ae-a847a87cedfa}]
Capabilities {acceptInsecureCerts: false, browserName: chrome, browserVersion: 108.0.5359.99, chrome: {chromedriverVersion: 108.0.5359.71 (1e0e3868ee06..., userDataDir: C:\Users\viral\AppData\Loca...}, goog:chromeOptions: {debuggerAddress: localhost:55311}, networkConnectionEnabled: false, pageLoadStrategy: normal, platformName: WINDOWS, proxy: Proxy(), se:cdp: ws://localhost:55311/devtoo..., se:cdpVersion: 108.0.5359.99, setWindowRect: true, strictFileInteractability: false, timeouts: {implicit: 0, pageLoad: 300000, script: 30000}, unhandledPromptBehavior: dismiss and notify, webauthn:extension:credBlob: true, webauthn:extension:largeBlob: true, webauthn:virtualAuthenticators: true}
Element: [[ChromeDriver: chrome on WINDOWS (6b5196dc633d912c11b53fe14a109dbe)] -> link text: Computers]
Session ID: 6b5196dc633d912c11b53fe14a109dbe
at sun.reflect.NativeConstructorAccessorImpl.newInstance0(Native Method)
at sun.reflect.NativeConstructorAccessorImpl.newInstance(NativeConstructorAccessorImpl.java:62)
at sun.reflect.DelegatingConstructorAccessorImpl.newInstance(DelegatingConstructorAccessorImpl.java:45)
at java.lang.reflect.Constructor.newInstance(Constructor.java:423)
at org.openqa.selenium.remote.codec.w3c.W3CHttpResponseCodec.createException(W3CHttpResponseCodec.java:200)
at org.openqa.selenium.remote.codec.w3c.W3CHttpResponseCodec.decode(W3CHttpResponseCodec.java:133)
at org.openqa.selenium.remote.codec.w3c.W3CHttpResponseCodec.decode(W3CHttpResponseCodec.java:53)
at org.openqa.selenium.remote.HttpCommandExecutor.execute(HttpCommandExecutor.java:184)
at org.openqa.selenium.remote.service.DriverCommandExecutor.invokeExecute(DriverCommandExecutor.java:167)
at org.openqa.selenium.remote.service.DriverCommandExecutor.execute(DriverCommandExecutor.java:142)
at org.openqa.selenium.remote.RemoteWebDriver.execute(RemoteWebDriver.java:541)
at org.openqa.selenium.remote.RemoteWebElement.execute(RemoteWebElement.java:257)
at org.openqa.selenium.remote.RemoteWebElement.getText(RemoteWebElement.java:207)
at sun.reflect.NativeMethodAccessorImpl.invoke0(Native Method)
at sun.reflect.NativeMethodAccessorImpl.invoke(NativeMethodAccessorImpl.java:62)
at sun.reflect.DelegatingMethodAccessorImpl.invoke(DelegatingMethodAccessorImpl.java:43)
at java.lang.reflect.Method.invoke(Method.java:498)
at org.openqa.selenium.support.pagefactory.internal.LocatingElementHandler.invoke(LocatingElementHandler.java:52)
at com.sun.proxy.$Proxy15.getText(Unknown Source)
at com.nopcommerce.demo.utility.Utility.getTextFromElement(Utility.java:62)
at com.nopcommerce.demo.pages.ComputerPage.getStringComputer(ComputerPage.java:184)
at com.nopcommerce.demo.testsuit.TopMenuTest.userShouldNavigateToComputerPageSuccessfully(TopMenuTest.java:38)
at sun.reflect.NativeMethodAccessorImpl.invoke0(Native Method)
at sun.reflect.NativeMethodAccessorImpl.invoke(NativeMethodAccessorImpl.java:62)
at sun.reflect.DelegatingMethodAccessorImpl.invoke(DelegatingMethodAccessorImpl.java:43)
at java.lang.reflect.Method.invoke(Method.java:498)
at org.testng.internal.invokers.MethodInvocationHelper.invokeMethod(MethodInvocationHelper.java:135)
at org.testng.internal.invokers.TestInvoker.invokeMethod(TestInvoker.java:673)
at org.testng.internal.invokers.TestInvoker.invokeTestMethod(TestInvoker.java:220)
at org.testng.internal.invokers.MethodRunner.runInSequence(MethodRunner.java:50)
at org.testng.internal.invokers.TestInvoker$MethodInvocationAgent.invoke(TestInvoker.java:945)
at org.testng.internal.invokers.TestInvoker.invokeTestMethods(TestInvoker.java:193)
at org.testng.internal.invokers.TestMethodWorker.invokeTestMethods(TestMethodWorker.java:146)
at org.testng.internal.invokers.TestMethodWorker.run(TestMethodWorker.java:128)
at java.util.ArrayList.forEach(ArrayList.java:1249)
at org.testng.TestRunner.privateRun(TestRunner.java:808)
at org.testng.TestRunner.run(TestRunner.java:603)
at org.testng.SuiteRunner.runTest(SuiteRunner.java:429)
at org.testng.SuiteRunner.runSequentially(SuiteRunner.java:423)
at org.testng.SuiteRunner.privateRun(SuiteRunner.java:383)
at org.testng.SuiteRunner.run(SuiteRunner.java:326)
at org.testng.SuiteRunnerWorker.runSuite(SuiteRunnerWorker.java:52)
at org.testng.SuiteRunnerWorker.run(SuiteRunnerWorker.java:95)
at org.testng.TestNG.runSuitesSequentially(TestNG.java:1249)
at org.testng.TestNG.runSuitesLocally(TestNG.java:1169)
at org.testng.TestNG.runSuites(TestNG.java:1092)
at org.testng.TestNG.run(TestNG.java:1060)
at com.intellij.rt.testng.IDEARemoteTestNG.run(IDEARemoteTestNG.java:66)
at com.intellij.rt.testng.RemoteTestNGStarter.main(RemoteTestNGStarter.java:109)
]]>
            </full-stacktrace>
          </exception> <!-- org.openqa.selenium.StaleElementReferenceException -->
          <reporter-output>
            <line>
              <![CDATA[click on computer page[[ChromeDriver: chrome on WINDOWS (6b5196dc633d912c11b53fe14a109dbe)] -> link text: Computers]]]>
            </line>
            <line>
              <![CDATA[Get text from computer page[[ChromeDriver: chrome on WINDOWS (6b5196dc633d912c11b53fe14a109dbe)] -> link text: Computers]]]>
            </line>
            <line>
              <![CDATA[Click to see screenshot]]>
            </line>
            <line>
              <![CDATA[<a target = "_blank" href=C:\Users\viral\IdeaProjects\nopcommerce-pagefactory/test-output/html/userShouldNavigateToComputerPageSuccessfullyWed_Dec_14_00_25_35_GMT_2022.jpg>Screenshot</a>]]>
            </line>
            <line>
              <![CDATA[<br>]]>
            </line>
            <line>
              <![CDATA[<br>]]>
            </line>
            <line>
              <![CDATA[<a target = "_blank" href=C:\Users\viral\IdeaProjects\nopcommerce-pagefactory/test-output/html/userShouldNavigateToComputerPageSuccessfullyWed_Dec_14_00_25_35_GMT_2022.jpg><img src=C:\Users\viral\IdeaProjects\nopcommerce-pagefactory/test-output/html/userShouldNavigateToComputerPageSuccessfullyWed_Dec_14_00_25_35_GMT_2022.jpg height=200 width=200></img></a>]]>
            </line>
          </reporter-output>
        </test-method> <!-- userShouldNavigateToComputerPageSuccessfully -->
        <test-method status="PASS" signature="tearDown()[pri:0, instance:com.nopcommerce.demo.testsuit.TopMenuTest@16022d9d]" name="tearDown" is-config="true" duration-ms="683" started-at="2022-12-14T00:25:35 GMT" finished-at="2022-12-14T00:25:36 GMT">
          <reporter-output>
          </reporter-output>
        </test-method> <!-- tearDown -->
      </class> <!-- com.nopcommerce.demo.testsuit.TopMenuTest -->
      <class name="com.nopcommerce.demo.testsuit.LoginTest">
        <test-method status="PASS" signature="setUp()[pri:0, instance:com.nopcommerce.demo.testsuit.LoginTest@6d3af739]" name="setUp" is-config="true" duration-ms="2345" started-at="2022-12-14T00:24:23 GMT" finished-at="2022-12-14T00:24:25 GMT">
          <reporter-output>
          </reporter-output>
        </test-method> <!-- setUp -->
        <test-method status="PASS" signature="inIt()[pri:0, instance:com.nopcommerce.demo.testsuit.LoginTest@6d3af739]" name="inIt" is-config="true" duration-ms="3" started-at="2022-12-14T00:24:25 GMT" finished-at="2022-12-14T00:24:25 GMT">
          <reporter-output>
          </reporter-output>
        </test-method> <!-- inIt -->
        <test-method status="PASS" signature="verifyErrorMessageWithInvalidCredential()[pri:0, instance:com.nopcommerce.demo.testsuit.LoginTest@6d3af739]" name="verifyErrorMessageWithInvalidCredential" duration-ms="1735" started-at="2022-12-14T00:24:25 GMT" finished-at="2022-12-14T00:24:27 GMT">
          <reporter-output>
            <line>
              <![CDATA[click on login link[[ChromeDriver: chrome on WINDOWS (0950250e770515e76900842c12811602)] -> link text: Log in]]]>
            </line>
            <line>
              <![CDATA[enter email [[ChromeDriver: chrome on WINDOWS (0950250e770515e76900842c12811602)] -> id: Email]]]>
            </line>
            <line>
              <![CDATA[enter password [[ChromeDriver: chrome on WINDOWS (0950250e770515e76900842c12811602)] -> name: Password]]]>
            </line>
            <line>
              <![CDATA[click on login button[[ChromeDriver: chrome on WINDOWS (0950250e770515e76900842c12811602)] -> xpath: //button[contains(text(),'Log in')]]]]>
            </line>
            <line>
              <![CDATA[verify error message[[ChromeDriver: chrome on WINDOWS (0950250e770515e76900842c12811602)] -> xpath: //div[@class='message-error validation-summary-errors']]]]>
            </line>
          </reporter-output>
        </test-method> <!-- verifyErrorMessageWithInvalidCredential -->
        <test-method status="PASS" signature="tearDown()[pri:0, instance:com.nopcommerce.demo.testsuit.LoginTest@6d3af739]" name="tearDown" is-config="true" duration-ms="689" started-at="2022-12-14T00:24:27 GMT" finished-at="2022-12-14T00:24:28 GMT">
          <reporter-output>
          </reporter-output>
        </test-method> <!-- tearDown -->
      </class> <!-- com.nopcommerce.demo.testsuit.LoginTest -->
      <class name="com.nopcommerce.demo.testsuit.RegisterMenuTest">
        <test-method status="PASS" signature="setUp()[pri:0, instance:com.nopcommerce.demo.testsuit.RegisterMenuTest@1da51a35]" name="setUp" is-config="true" duration-ms="2685" started-at="2022-12-14T00:24:28 GMT" finished-at="2022-12-14T00:24:30 GMT">
          <reporter-output>
          </reporter-output>
        </test-method> <!-- setUp -->
        <test-method status="PASS" signature="inIt()[pri:0, instance:com.nopcommerce.demo.testsuit.RegisterMenuTest@1da51a35]" name="inIt" is-config="true" duration-ms="2" started-at="2022-12-14T00:24:30 GMT" finished-at="2022-12-14T00:24:30 GMT">
          <reporter-output>
          </reporter-output>
        </test-method> <!-- inIt -->
        <test-method status="FAIL" signature="verifyUserShouldRegister()[pri:0, instance:com.nopcommerce.demo.testsuit.RegisterMenuTest@1da51a35]" name="verifyUserShouldRegister" duration-ms="60098" started-at="2022-12-14T00:24:30 GMT" finished-at="2022-12-14T00:25:30 GMT">
          <exception class="org.openqa.selenium.NoSuchElementException">
            <message>
              <![CDATA[no such element: Unable to locate element: {"method":"css selector","selector":"#gender\-male"}
  (Session info: chrome=108.0.5359.99)
For documentation on this error, please visit: https://selenium.dev/exceptions/#no_such_element
Build info: version: '4.6.0', revision: '79f1c02ae20'
System info: os.name: 'Windows 10', os.arch: 'amd64', os.version: '10.0', java.version: '1.8.0_121'
Driver info: org.openqa.selenium.chrome.ChromeDriver
Command: [c490bc40dfc4c2681f1e5699fca8c388, findElement {using=id, value=gender-male}]
Capabilities {acceptInsecureCerts: false, browserName: chrome, browserVersion: 108.0.5359.99, chrome: {chromedriverVersion: 108.0.5359.71 (1e0e3868ee06..., userDataDir: C:\Users\viral\AppData\Loca...}, goog:chromeOptions: {debuggerAddress: localhost:55243}, networkConnectionEnabled: false, pageLoadStrategy: normal, platformName: WINDOWS, proxy: Proxy(), se:cdp: ws://localhost:55243/devtoo..., se:cdpVersion: 108.0.5359.99, setWindowRect: true, strictFileInteractability: false, timeouts: {implicit: 0, pageLoad: 300000, script: 30000}, unhandledPromptBehavior: dismiss and notify, webauthn:extension:credBlob: true, webauthn:extension:largeBlob: true, webauthn:virtualAuthenticators: true}
Session ID: c490bc40dfc4c2681f1e5699fca8c388]]>
            </message>
            <full-stacktrace>
              <![CDATA[org.openqa.selenium.NoSuchElementException: no such element: Unable to locate element: {"method":"css selector","selector":"#gender\-male"}
  (Session info: chrome=108.0.5359.99)
For documentation on this error, please visit: https://selenium.dev/exceptions/#no_such_element
Build info: version: '4.6.0', revision: '79f1c02ae20'
System info: os.name: 'Windows 10', os.arch: 'amd64', os.version: '10.0', java.version: '1.8.0_121'
Driver info: org.openqa.selenium.chrome.ChromeDriver
Command: [c490bc40dfc4c2681f1e5699fca8c388, findElement {using=id, value=gender-male}]
Capabilities {acceptInsecureCerts: false, browserName: chrome, browserVersion: 108.0.5359.99, chrome: {chromedriverVersion: 108.0.5359.71 (1e0e3868ee06..., userDataDir: C:\Users\viral\AppData\Loca...}, goog:chromeOptions: {debuggerAddress: localhost:55243}, networkConnectionEnabled: false, pageLoadStrategy: normal, platformName: WINDOWS, proxy: Proxy(), se:cdp: ws://localhost:55243/devtoo..., se:cdpVersion: 108.0.5359.99, setWindowRect: true, strictFileInteractability: false, timeouts: {implicit: 0, pageLoad: 300000, script: 30000}, unhandledPromptBehavior: dismiss and notify, webauthn:extension:credBlob: true, webauthn:extension:largeBlob: true, webauthn:virtualAuthenticators: true}
Session ID: c490bc40dfc4c2681f1e5699fca8c388
at sun.reflect.NativeConstructorAccessorImpl.newInstance0(Native Method)
at sun.reflect.NativeConstructorAccessorImpl.newInstance(NativeConstructorAccessorImpl.java:62)
at sun.reflect.DelegatingConstructorAccessorImpl.newInstance(DelegatingConstructorAccessorImpl.java:45)
at java.lang.reflect.Constructor.newInstance(Constructor.java:423)
at org.openqa.selenium.remote.codec.w3c.W3CHttpResponseCodec.createException(W3CHttpResponseCodec.java:200)
at org.openqa.selenium.remote.codec.w3c.W3CHttpResponseCodec.decode(W3CHttpResponseCodec.java:133)
at org.openqa.selenium.remote.codec.w3c.W3CHttpResponseCodec.decode(W3CHttpResponseCodec.java:53)
at org.openqa.selenium.remote.HttpCommandExecutor.execute(HttpCommandExecutor.java:184)
at org.openqa.selenium.remote.service.DriverCommandExecutor.invokeExecute(DriverCommandExecutor.java:167)
at org.openqa.selenium.remote.service.DriverCommandExecutor.execute(DriverCommandExecutor.java:142)
at org.openqa.selenium.remote.RemoteWebDriver.execute(RemoteWebDriver.java:541)
at org.openqa.selenium.remote.ElementLocation$ElementFinder$2.findElement(ElementLocation.java:162)
at org.openqa.selenium.remote.ElementLocation.findElement(ElementLocation.java:60)
at org.openqa.selenium.remote.RemoteWebDriver.findElement(RemoteWebDriver.java:365)
at org.openqa.selenium.remote.RemoteWebDriver.findElement(RemoteWebDriver.java:357)
at org.openqa.selenium.support.pagefactory.DefaultElementLocator.findElement(DefaultElementLocator.java:70)
at org.openqa.selenium.support.pagefactory.internal.LocatingElementHandler.invoke(LocatingElementHandler.java:39)
at com.sun.proxy.$Proxy15.click(Unknown Source)
at com.nopcommerce.demo.utility.Utility.clickOnElement(Utility.java:51)
at com.nopcommerce.demo.pages.RegisterPage.fillAllMandatoryField(RegisterPage.java:57)
at com.nopcommerce.demo.testsuit.RegisterMenuTest.verifyUserShouldRegister(RegisterMenuTest.java:20)
at sun.reflect.NativeMethodAccessorImpl.invoke0(Native Method)
at sun.reflect.NativeMethodAccessorImpl.invoke(NativeMethodAccessorImpl.java:62)
at sun.reflect.DelegatingMethodAccessorImpl.invoke(DelegatingMethodAccessorImpl.java:43)
at java.lang.reflect.Method.invoke(Method.java:498)
at org.testng.internal.invokers.MethodInvocationHelper.invokeMethod(MethodInvocationHelper.java:135)
at org.testng.internal.invokers.TestInvoker.invokeMethod(TestInvoker.java:673)
at org.testng.internal.invokers.TestInvoker.invokeTestMethod(TestInvoker.java:220)
at org.testng.internal.invokers.MethodRunner.runInSequence(MethodRunner.java:50)
at org.testng.internal.invokers.TestInvoker$MethodInvocationAgent.invoke(TestInvoker.java:945)
at org.testng.internal.invokers.TestInvoker.invokeTestMethods(TestInvoker.java:193)
at org.testng.internal.invokers.TestMethodWorker.invokeTestMethods(TestMethodWorker.java:146)
at org.testng.internal.invokers.TestMethodWorker.run(TestMethodWorker.java:128)
at java.util.ArrayList.forEach(ArrayList.java:1249)
at org.testng.TestRunner.privateRun(TestRunner.java:808)
at org.testng.TestRunner.run(TestRunner.java:603)
at org.testng.SuiteRunner.runTest(SuiteRunner.java:429)
at org.testng.SuiteRunner.runSequentially(SuiteRunner.java:423)
at org.testng.SuiteRunner.privateRun(SuiteRunner.java:383)
at org.testng.SuiteRunner.run(SuiteRunner.java:326)
at org.testng.SuiteRunnerWorker.runSuite(SuiteRunnerWorker.java:52)
at org.testng.SuiteRunnerWorker.run(SuiteRunnerWorker.java:95)
at org.testng.TestNG.runSuitesSequentially(TestNG.java:1249)
at org.testng.TestNG.runSuitesLocally(TestNG.java:1169)
at org.testng.TestNG.runSuites(TestNG.java:1092)
at org.testng.TestNG.run(TestNG.java:1060)
at com.intellij.rt.testng.IDEARemoteTestNG.run(IDEARemoteTestNG.java:66)
at com.intellij.rt.testng.RemoteTestNGStarter.main(RemoteTestNGStarter.java:109)
]]>
            </full-stacktrace>
          </exception> <!-- org.openqa.selenium.NoSuchElementException -->
          <reporter-output>
            <line>
              <![CDATA[Click on genderProxy element for: DefaultElementLocator 'By.id: gender-male']]>
            </line>
            <line>
              <![CDATA[Click to see screenshot]]>
            </line>
            <line>
              <![CDATA[<a target = "_blank" href=C:\Users\viral\IdeaProjects\nopcommerce-pagefactory/test-output/html/verifyUserShouldRegisterWed_Dec_14_00_25_31_GMT_2022.jpg>Screenshot</a>]]>
            </line>
            <line>
              <![CDATA[<br>]]>
            </line>
            <line>
              <![CDATA[<br>]]>
            </line>
            <line>
              <![CDATA[<a target = "_blank" href=C:\Users\viral\IdeaProjects\nopcommerce-pagefactory/test-output/html/verifyUserShouldRegisterWed_Dec_14_00_25_31_GMT_2022.jpg><img src=C:\Users\viral\IdeaProjects\nopcommerce-pagefactory/test-output/html/verifyUserShouldRegisterWed_Dec_14_00_25_31_GMT_2022.jpg height=200 width=200></img></a>]]>
            </line>
          </reporter-output>
        </test-method> <!-- verifyUserShouldRegister -->
        <test-method status="PASS" signature="tearDown()[pri:0, instance:com.nopcommerce.demo.testsuit.RegisterMenuTest@1da51a35]" name="tearDown" is-config="true" duration-ms="636" started-at="2022-12-14T00:25:31 GMT" finished-at="2022-12-14T00:25:31 GMT">
          <reporter-output>
          </reporter-output>
        </test-method> <!-- tearDown -->
      </class> <!-- com.nopcommerce.demo.testsuit.RegisterMenuTest -->
    </test> <!-- smoke Test -->
  </suite> <!-- smoke suit -->
</testng-results>
